0 verbose cli /usr/bin/node /usr/bin/npm
1 info using npm@11.5.1
2 info using node@v24.6.0
3 silly config load:file:/usr/lib/node_modules/npm/npmrc
4 silly config load:file:/home/zeta/.npmrc
5 silly config load:file:/root/.npmrc
6 silly config load:file:/usr/etc/npmrc
7 verbose title npm install express @grpc/grpc-js @grpc/proto-loader axios cors jsonwebtoken
8 verbose argv "install" "express" "@grpc/grpc-js" "@grpc/proto-loader" "axios" "cors" "jsonwebtoken"
9 verbose logfile logs-max:10 dir:/root/.npm/_logs/2025-11-26T04_17_14_893Z-
10 verbose logfile /root/.npm/_logs/2025-11-26T04_17_14_893Z-debug-0.log
11 silly logfile done cleaning log files
12 silly packumentCache heap:2348810240 maxSize:587202560 maxEntrySize:293601280
13 silly idealTree buildDeps
14 silly fetch manifest axios@^1.12.2
15 silly packumentCache full:https://registry.npmjs.org/axios cache-miss
16 http fetch GET 200 https://registry.npmjs.org/axios 1451ms (cache miss)
17 silly packumentCache full:https://registry.npmjs.org/axios set size:undefined disposed:false
18 silly fetch manifest express@^5.1.0
19 silly packumentCache full:https://registry.npmjs.org/express cache-miss
20 http fetch GET 200 https://registry.npmjs.org/express 333ms (cache miss)
21 silly packumentCache full:https://registry.npmjs.org/express set size:undefined disposed:false
22 silly fetch manifest jsonwebtoken@^9.0.2
23 silly packumentCache full:https://registry.npmjs.org/jsonwebtoken cache-miss
24 http fetch GET 200 https://registry.npmjs.org/jsonwebtoken 173ms (cache miss)
25 silly packumentCache full:https://registry.npmjs.org/jsonwebtoken set size:undefined disposed:false
26 silly fetch manifest @grpc/grpc-js@*
27 silly packumentCache full:https://registry.npmjs.org/@grpc%2fgrpc-js cache-miss
28 http fetch GET 200 https://registry.npmjs.org/@grpc%2fgrpc-js 738ms (cache miss)
29 silly packumentCache full:https://registry.npmjs.org/@grpc%2fgrpc-js set size:undefined disposed:false
30 silly fetch manifest @grpc/proto-loader@*
31 silly packumentCache full:https://registry.npmjs.org/@grpc%2fproto-loader cache-miss
32 http fetch GET 200 https://registry.npmjs.org/@grpc%2fproto-loader 245ms (cache miss)
33 silly packumentCache full:https://registry.npmjs.org/@grpc%2fproto-loader set size:undefined disposed:false
34 silly fetch manifest cors@*
35 silly packumentCache full:https://registry.npmjs.org/cors cache-miss
36 http fetch GET 200 https://registry.npmjs.org/cors 97ms (cache miss)
37 silly packumentCache full:https://registry.npmjs.org/cors set size:undefined disposed:false
38 silly placeDep ROOT @grpc/grpc-js@1.14.1 OK for: zeta@1.0.0 want: *
39 silly placeDep ROOT @grpc/proto-loader@0.8.0 OK for: zeta@1.0.0 want: *
40 silly placeDep ROOT axios@1.13.2 REPLACE for: zeta@1.0.0 want: ^1.12.2
41 silly placeDep ROOT cors@2.8.5 OK for: zeta@1.0.0 want: *
42 silly placeDep ROOT express@5.1.0 REPLACE for: zeta@1.0.0 want: ^5.1.0
43 silly placeDep ROOT jsonwebtoken@9.0.2 REPLACE for: zeta@1.0.0 want: ^9.0.2
44 silly fetch manifest @grpc/proto-loader@^0.8.0
45 silly packumentCache full:https://registry.npmjs.org/@grpc%2fproto-loader cache-miss
46 silly fetch manifest @js-sdsl/ordered-map@^4.4.2
47 silly packumentCache full:https://registry.npmjs.org/@js-sdsl%2fordered-map cache-miss
48 silly fetch manifest lodash.camelcase@^4.3.0
49 silly packumentCache full:https://registry.npmjs.org/lodash.camelcase cache-miss
50 http cache https://registry.npmjs.org/@grpc%2fproto-loader 25ms (cache hit)
51 silly packumentCache full:https://registry.npmjs.org/@grpc%2fproto-loader set size:215394 disposed:false
52 silly fetch manifest long@^5.0.0
53 silly packumentCache full:https://registry.npmjs.org/long cache-miss
54 http fetch GET 200 https://registry.npmjs.org/@js-sdsl%2fordered-map 179ms (cache miss)
55 silly packumentCache full:https://registry.npmjs.org/@js-sdsl%2fordered-map set size:undefined disposed:false
56 silly fetch manifest protobufjs@^7.5.3
57 silly packumentCache full:https://registry.npmjs.org/protobufjs cache-miss
58 http fetch GET 200 https://registry.npmjs.org/protobufjs 358ms (cache miss)
59 silly packumentCache full:https://registry.npmjs.org/protobufjs set size:undefined disposed:false
60 silly fetch manifest yargs@^17.7.2
61 silly packumentCache full:https://registry.npmjs.org/yargs cache-miss
62 http fetch GET 200 https://registry.npmjs.org/lodash.camelcase 808ms (cache miss)
63 silly packumentCache full:https://registry.npmjs.org/lodash.camelcase set size:undefined disposed:false
64 http fetch GET 200 https://registry.npmjs.org/long 799ms (cache miss)
65 silly packumentCache full:https://registry.npmjs.org/long set size:undefined disposed:false
66 http fetch GET 200 https://registry.npmjs.org/yargs 1977ms (cache miss)
67 silly packumentCache full:https://registry.npmjs.org/yargs set size:undefined disposed:false
68 silly placeDep ROOT @js-sdsl/ordered-map@4.4.2 OK for: @grpc/grpc-js@1.14.1 want: ^4.4.2
69 silly placeDep ROOT lodash.camelcase@4.3.0 OK for: @grpc/proto-loader@0.8.0 want: ^4.3.0
70 silly placeDep ROOT long@5.3.2 OK for: @grpc/proto-loader@0.8.0 want: ^5.0.0
71 silly placeDep ROOT protobufjs@7.5.4 OK for: @grpc/proto-loader@0.8.0 want: ^7.5.3
72 silly placeDep ROOT yargs@17.7.2 OK for: @grpc/proto-loader@0.8.0 want: ^17.7.2
73 silly fetch manifest @protobufjs/aspromise@^1.1.2
74 silly packumentCache full:https://registry.npmjs.org/@protobufjs%2faspromise cache-miss
75 silly fetch manifest @protobufjs/base64@^1.1.2
76 silly packumentCache full:https://registry.npmjs.org/@protobufjs%2fbase64 cache-miss
77 silly fetch manifest @protobufjs/codegen@^2.0.4
78 silly packumentCache full:https://registry.npmjs.org/@protobufjs%2fcodegen cache-miss
79 http fetch GET 200 https://registry.npmjs.org/@protobufjs%2fbase64 161ms (cache miss)
80 silly packumentCache full:https://registry.npmjs.org/@protobufjs%2fbase64 set size:undefined disposed:false
81 silly fetch manifest @protobufjs/eventemitter@^1.1.0
82 silly packumentCache full:https://registry.npmjs.org/@protobufjs%2feventemitter cache-miss
83 http fetch GET 200 https://registry.npmjs.org/@protobufjs%2faspromise 429ms (cache miss)
84 silly packumentCache full:https://registry.npmjs.org/@protobufjs%2faspromise set size:undefined disposed:false
85 silly fetch manifest @protobufjs/fetch@^1.1.0
86 silly packumentCache full:https://registry.npmjs.org/@protobufjs%2ffetch cache-miss
87 http fetch GET 200 https://registry.npmjs.org/@protobufjs%2fcodegen 434ms (cache miss)
88 silly packumentCache full:https://registry.npmjs.org/@protobufjs%2fcodegen set size:undefined disposed:false
89 silly fetch manifest @protobufjs/float@^1.0.2
90 silly packumentCache full:https://registry.npmjs.org/@protobufjs%2ffloat cache-miss
91 http fetch GET 200 https://registry.npmjs.org/@protobufjs%2feventemitter 291ms (cache miss)
92 silly packumentCache full:https://registry.npmjs.org/@protobufjs%2feventemitter set size:undefined disposed:false
93 silly fetch manifest @protobufjs/inquire@^1.1.0
94 silly packumentCache full:https://registry.npmjs.org/@protobufjs%2finquire cache-miss
95 http fetch GET 200 https://registry.npmjs.org/@protobufjs%2finquire 159ms (cache miss)
96 silly packumentCache full:https://registry.npmjs.org/@protobufjs%2finquire set size:undefined disposed:false
97 silly fetch manifest @protobufjs/path@^1.1.2
98 silly packumentCache full:https://registry.npmjs.org/@protobufjs%2fpath cache-miss
99 http fetch GET 200 https://registry.npmjs.org/@protobufjs%2ffloat 182ms (cache miss)
100 silly packumentCache full:https://registry.npmjs.org/@protobufjs%2ffloat set size:undefined disposed:false
101 silly fetch manifest @protobufjs/pool@^1.1.0
102 silly packumentCache full:https://registry.npmjs.org/@protobufjs%2fpool cache-miss
103 http fetch GET 200 https://registry.npmjs.org/@protobufjs%2fpool 109ms (cache miss)
104 silly packumentCache full:https://registry.npmjs.org/@protobufjs%2fpool set size:undefined disposed:false
105 silly fetch manifest @protobufjs/utf8@^1.1.0
106 silly packumentCache full:https://registry.npmjs.org/@protobufjs%2futf8 cache-miss
107 http fetch GET 200 https://registry.npmjs.org/@protobufjs%2fpath 120ms (cache miss)
108 silly packumentCache full:https://registry.npmjs.org/@protobufjs%2fpath set size:undefined disposed:false
109 silly fetch manifest @types/node@>=13.7.0
110 silly packumentCache full:https://registry.npmjs.org/@types%2fnode cache-miss
111 http fetch GET 200 https://registry.npmjs.org/@protobufjs%2ffetch 563ms (cache miss)
112 silly packumentCache full:https://registry.npmjs.org/@protobufjs%2ffetch set size:undefined disposed:false
113 silly fetch manifest y18n@^5.0.5
114 silly packumentCache full:https://registry.npmjs.org/y18n cache-miss
115 http fetch GET 200 https://registry.npmjs.org/@protobufjs%2futf8 626ms (cache miss)
116 silly packumentCache full:https://registry.npmjs.org/@protobufjs%2futf8 set size:undefined disposed:false
117 silly fetch manifest cliui@^8.0.1
118 silly packumentCache full:https://registry.npmjs.org/cliui cache-miss
119 http fetch GET 200 https://registry.npmjs.org/cliui 1932ms (cache miss)
120 silly packumentCache full:https://registry.npmjs.org/cliui set size:undefined disposed:false
121 silly fetch manifest escalade@^3.1.1
122 silly packumentCache full:https://registry.npmjs.org/escalade cache-miss
123 http fetch GET 200 https://registry.npmjs.org/y18n 2302ms (cache miss)
124 silly packumentCache full:https://registry.npmjs.org/y18n set size:undefined disposed:false
125 silly fetch manifest string-width@^4.2.3
126 silly packumentCache full:https://registry.npmjs.org/string-width cache-miss
127 http fetch GET 200 https://registry.npmjs.org/escalade 1541ms (cache miss)
128 silly packumentCache full:https://registry.npmjs.org/escalade set size:undefined disposed:false
129 silly fetch manifest yargs-parser@^21.1.1
130 silly packumentCache full:https://registry.npmjs.org/yargs-parser cache-miss
131 http fetch GET 200 https://registry.npmjs.org/string-width 2468ms (cache miss)
132 silly packumentCache full:https://registry.npmjs.org/string-width set size:undefined disposed:false
133 silly fetch manifest get-caller-file@^2.0.5
134 silly packumentCache full:https://registry.npmjs.org/get-caller-file cache-miss
135 http fetch GET 200 https://registry.npmjs.org/get-caller-file 212ms (cache miss)
136 silly packumentCache full:https://registry.npmjs.org/get-caller-file set size:undefined disposed:false
137 silly fetch manifest require-directory@^2.1.1
138 silly packumentCache full:https://registry.npmjs.org/require-directory cache-miss
139 http fetch GET 200 https://registry.npmjs.org/require-directory 167ms (cache miss)
140 silly packumentCache full:https://registry.npmjs.org/require-directory set size:undefined disposed:false
141 http fetch GET 200 https://registry.npmjs.org/yargs-parser 3863ms (cache miss)
142 silly packumentCache full:https://registry.npmjs.org/yargs-parser set size:undefined disposed:false
143 http fetch GET 200 https://registry.npmjs.org/@types%2fnode 30660ms (cache miss)
144 silly packumentCache full:https://registry.npmjs.org/@types%2fnode set size:undefined disposed:false
145 silly placeDep ROOT @protobufjs/aspromise@1.1.2 OK for: protobufjs@7.5.4 want: ^1.1.2
146 silly placeDep ROOT @protobufjs/base64@1.1.2 OK for: protobufjs@7.5.4 want: ^1.1.2
147 silly placeDep ROOT @protobufjs/codegen@2.0.4 OK for: protobufjs@7.5.4 want: ^2.0.4
148 silly placeDep ROOT @protobufjs/eventemitter@1.1.0 OK for: protobufjs@7.5.4 want: ^1.1.0
149 silly placeDep ROOT @protobufjs/fetch@1.1.0 OK for: protobufjs@7.5.4 want: ^1.1.0
150 silly placeDep ROOT @protobufjs/float@1.0.2 OK for: protobufjs@7.5.4 want: ^1.0.2
151 silly placeDep ROOT @protobufjs/inquire@1.1.0 OK for: protobufjs@7.5.4 want: ^1.1.0
152 silly placeDep ROOT @protobufjs/path@1.1.2 OK for: protobufjs@7.5.4 want: ^1.1.2
153 silly placeDep ROOT @protobufjs/pool@1.1.0 OK for: protobufjs@7.5.4 want: ^1.1.0
154 silly placeDep ROOT @protobufjs/utf8@1.1.0 OK for: protobufjs@7.5.4 want: ^1.1.0
155 silly placeDep node_modules/protobufjs @types/node@24.10.1 OK for: protobufjs@7.5.4 want: >=13.7.0
156 silly fetch manifest undici-types@~7.16.0
157 silly packumentCache full:https://registry.npmjs.org/undici-types cache-miss
158 http fetch GET 200 https://registry.npmjs.org/undici-types 328ms (cache miss)
159 silly packumentCache full:https://registry.npmjs.org/undici-types set size:undefined disposed:false
160 silly placeDep ROOT cliui@8.0.1 OK for: yargs@17.7.2 want: ^8.0.1
161 silly placeDep ROOT escalade@3.2.0 OK for: yargs@17.7.2 want: ^3.1.1
162 silly placeDep ROOT get-caller-file@2.0.5 OK for: yargs@17.7.2 want: ^2.0.5
163 silly placeDep ROOT require-directory@2.1.1 OK for: yargs@17.7.2 want: ^2.1.1
164 silly placeDep ROOT string-width@4.2.3 OK for: yargs@17.7.2 want: ^4.2.3
165 silly placeDep ROOT y18n@5.0.8 OK for: yargs@17.7.2 want: ^5.0.5
166 silly placeDep ROOT yargs-parser@21.1.1 OK for: yargs@17.7.2 want: ^21.1.1
167 silly fetch manifest wrap-ansi@^7.0.0
168 silly packumentCache full:https://registry.npmjs.org/wrap-ansi cache-miss
169 silly fetch manifest strip-ansi@^6.0.1
170 silly packumentCache full:https://registry.npmjs.org/strip-ansi cache-miss
171 silly fetch manifest string-width@^4.2.0
172 silly packumentCache full:https://registry.npmjs.org/string-width cache-miss
173 http cache https://registry.npmjs.org/string-width 10ms (cache hit)
174 silly packumentCache full:https://registry.npmjs.org/string-width set size:64158 disposed:false
175 silly fetch manifest strip-ansi@^6.0.1
176 silly packumentCache full:https://registry.npmjs.org/strip-ansi cache-miss
177 http fetch GET 200 https://registry.npmjs.org/wrap-ansi 292ms (cache miss)
178 silly packumentCache full:https://registry.npmjs.org/wrap-ansi set size:undefined disposed:false
179 silly fetch manifest emoji-regex@^8.0.0
180 silly packumentCache full:https://registry.npmjs.org/emoji-regex cache-miss
181 http fetch GET 200 https://registry.npmjs.org/strip-ansi 351ms (cache miss)
182 silly packumentCache full:https://registry.npmjs.org/strip-ansi set size:undefined disposed:false
183 silly fetch manifest is-fullwidth-code-point@^3.0.0
184 silly packumentCache full:https://registry.npmjs.org/is-fullwidth-code-point cache-miss
185 http fetch GET 200 https://registry.npmjs.org/strip-ansi 379ms (cache miss)
186 silly packumentCache full:https://registry.npmjs.org/strip-ansi set size:undefined disposed:false
187 http fetch GET 200 https://registry.npmjs.org/is-fullwidth-code-point 130ms (cache miss)
188 silly packumentCache full:https://registry.npmjs.org/is-fullwidth-code-point set size:undefined disposed:false
189 http fetch GET 200 https://registry.npmjs.org/emoji-regex 320ms (cache miss)
190 silly packumentCache full:https://registry.npmjs.org/emoji-regex set size:undefined disposed:false
191 silly placeDep ROOT strip-ansi@6.0.1 OK for: cliui@8.0.1 want: ^6.0.1
192 silly placeDep ROOT wrap-ansi@7.0.0 OK for: cliui@8.0.1 want: ^7.0.0
193 silly fetch manifest ansi-regex@^5.0.1
194 silly packumentCache full:https://registry.npmjs.org/ansi-regex cache-miss
195 silly fetch manifest ansi-styles@^4.0.0
196 silly packumentCache full:https://registry.npmjs.org/ansi-styles cache-miss
197 http fetch GET 200 https://registry.npmjs.org/ansi-styles 185ms (cache revalidated)
198 silly packumentCache full:https://registry.npmjs.org/ansi-styles set size:63233 disposed:false
199 http fetch GET 200 https://registry.npmjs.org/ansi-regex 758ms (cache miss)
200 silly packumentCache full:https://registry.npmjs.org/ansi-regex set size:undefined disposed:false
201 silly placeDep ROOT emoji-regex@8.0.0 OK for: string-width@4.2.3 want: ^8.0.0
202 silly placeDep ROOT is-fullwidth-code-point@3.0.0 OK for: string-width@4.2.3 want: ^3.0.0
203 silly placeDep ROOT ansi-regex@5.0.1 OK for: strip-ansi@6.0.1 want: ^5.0.1
204 silly placeDep ROOT ansi-styles@4.3.0 OK for: wrap-ansi@7.0.0 want: ^4.0.0
205 silly fetch manifest color-convert@^2.0.1
206 silly packumentCache full:https://registry.npmjs.org/color-convert cache-miss
207 http fetch GET 200 https://registry.npmjs.org/color-convert 182ms (cache updated)
208 silly packumentCache full:https://registry.npmjs.org/color-convert set size:undefined disposed:false
209 silly placeDep node_modules/ansi-styles color-convert@2.0.1 OK for: ansi-styles@4.3.0 want: ^2.0.1
210 silly fetch manifest color-name@~1.1.4
211 silly packumentCache full:https://registry.npmjs.org/color-name cache-miss
212 http fetch GET 200 https://registry.npmjs.org/color-name 144ms (cache updated)
213 silly packumentCache full:https://registry.npmjs.org/color-name set size:undefined disposed:false
214 silly placeDep node_modules/ansi-styles color-name@1.1.4 OK for: color-convert@2.0.1 want: ~1.1.4
215 silly placeDep ROOT undici-types@7.16.0 OK for: @types/node@24.10.1 want: ~7.16.0
216 silly reify mark retired [ '/home/zeta/node_modules/axios' ]
217 silly reify moves {
217 silly reify   '/home/zeta/node_modules/axios': '/home/zeta/node_modules/.axios-1YYwX1rM'
217 silly reify }
218 silly audit bulk request {
218 silly audit   '@colors/colors': [ '1.6.0' ],
218 silly audit   '@dabh/diagnostics': [ '2.0.3' ],
218 silly audit   '@mongodb-js/saslprep': [ '1.3.0' ],
218 silly audit   '@types/connect': [ '3.4.38' ],
218 silly audit   '@types/node': [ '12.20.55', '24.10.1' ],
218 silly audit   '@types/triple-beam': [ '1.3.5' ],
218 silly audit   '@types/webidl-conversions': [ '7.0.3' ],
218 silly audit   '@types/whatwg-url': [ '11.0.5' ],
218 silly audit   '@types/ws': [ '7.4.7' ],
218 silly audit   accepts: [ '2.0.0' ],
218 silly audit   'append-field': [ '1.0.0' ],
218 silly audit   async: [ '3.2.6' ],
218 silly audit   asynckit: [ '0.4.0' ],
218 silly audit   axion: [ '0.1.0' ],
218 silly audit   'body-parser': [ '2.2.0' ],
218 silly audit   bson: [ '6.10.4' ],
218 silly audit   'buffer-equal-constant-time': [ '1.0.1' ],
218 silly audit   'buffer-from': [ '1.1.2' ],
218 silly audit   busboy: [ '1.6.0' ],
218 silly audit   bytes: [ '3.1.2' ],
218 silly audit   'call-bind-apply-helpers': [ '1.0.2' ],
218 silly audit   'call-bound': [ '1.0.4' ],
218 silly audit   color: [ '3.2.1' ],
218 silly audit   'color-convert': [ '1.9.3', '2.0.1' ],
218 silly audit   'color-name': [ '1.1.3', '1.1.4' ],
218 silly audit   'color-string': [ '1.9.1' ],
218 silly audit   colorspace: [ '1.1.4' ],
218 silly audit   'combined-stream': [ '1.0.8' ],
218 silly audit   commander: [ '2.20.3' ],
218 silly audit   'concat-stream': [ '2.0.0' ],
218 silly audit   'content-disposition': [ '1.0.0' ],
218 silly audit   'content-type': [ '1.0.5' ],
218 silly audit   cookie: [ '0.7.2' ],
218 silly audit   'cookie-signature': [ '1.2.2' ],
218 silly audit   crypto: [ '1.0.1' ],
218 silly audit   debug: [ '4.4.3' ],
218 silly audit   delay: [ '5.0.0' ],
218 silly audit   'delayed-stream': [ '1.0.0' ],
218 silly audit   depd: [ '2.0.0' ],
218 silly audit   dotenv: [ '17.2.3' ],
218 silly audit   'dunder-proto': [ '1.0.1' ],
218 silly audit   'ecdsa-sig-formatter': [ '1.0.11' ],
218 silly audit   'ee-first': [ '1.1.1' ],
218 silly audit   enabled: [ '2.0.0' ],
218 silly audit   encodeurl: [ '2.0.0' ],
218 silly audit   'es-define-property': [ '1.0.1' ],
218 silly audit   'es-errors': [ '1.3.0' ],
218 silly audit   'es-object-atoms': [ '1.1.1' ],
218 silly audit   'es-set-tostringtag': [ '2.1.0' ],
218 silly audit   'es6-promise': [ '4.2.8' ],
218 silly audit   'es6-promisify': [ '5.0.0' ],
218 silly audit   'escape-html': [ '1.0.3' ],
218 silly audit   etag: [ '1.8.1' ],
218 silly audit   eyes: [ '0.1.8' ],
218 silly audit   fecha: [ '4.2.3' ],
218 silly audit   finalhandler: [ '2.1.0' ],
218 silly audit   'fn.name': [ '1.1.0' ],
218 silly audit   'follow-redirects': [ '1.15.11' ],
218 silly audit   'form-data': [ '4.0.4' ],
218 silly audit   'mime-db': [ '1.52.0', '1.54.0' ],
218 silly audit   'mime-types': [ '2.1.35', '3.0.1' ],
218 silly audit   forwarded: [ '0.2.0' ],
218 silly audit   fresh: [ '2.0.0' ],
218 silly audit   'function-bind': [ '1.1.2' ],
218 silly audit   'get-intrinsic': [ '1.3.0' ],
218 silly audit   'get-proto': [ '1.0.1' ],
218 silly audit   gopd: [ '1.2.0' ],
218 silly audit   'has-symbols': [ '1.1.0' ],
218 silly audit   'has-tostringtag': [ '1.0.2' ],
218 silly audit   hasown: [ '2.0.2' ],
218 silly audit   'http-errors': [ '2.0.0' ],
218 silly audit   statuses: [ '2.0.1', '2.0.2' ],
218 silly audit   'iconv-lite': [ '0.6.3', '0.7.0' ],
218 silly audit   inherits: [ '2.0.4' ],
218 silly audit   'ipaddr.js': [ '1.9.1' ],
218 silly audit   'is-arrayish': [ '0.3.4' ],
218 silly audit   'is-promise': [ '4.0.0' ],
218 silly audit   'is-stream': [ '2.0.1' ],
218 silly audit   'isomorphic-ws': [ '4.0.1' ],
218 silly audit   jayson: [ '4.2.0' ],
218 silly audit   ws: [ '7.5.10', '8.18.3' ],
218 silly audit   'json-stringify-safe': [ '5.0.1' ],
218 silly audit   jwa: [ '1.4.2' ],
218 silly audit   jws: [ '3.2.2' ],
218 silly audit   kareem: [ '2.6.3' ],
218 silly audit   kuler: [ '2.0.0' ],
218 silly audit   'lodash.includes': [ '4.3.0' ],
218 silly audit   'lodash.isboolean': [ '3.0.3' ],
218 silly audit   'lodash.isinteger': [ '4.0.4' ],
218 silly audit   'lodash.isnumber': [ '3.0.3' ],
218 silly audit   'lodash.isplainobject': [ '4.0.6' ],
218 silly audit   'lodash.isstring': [ '4.0.1' ],
218 silly audit   'lodash.once': [ '4.1.1' ],
218 silly audit   logform: [ '2.7.0' ],
218 silly audit   'math-intrinsics': [ '1.1.0' ],
218 silly audit   'media-typer': [ '1.1.0', '0.3.0' ],
218 silly audit   'memory-pager': [ '1.5.0' ],
218 silly audit   'merge-descriptors': [ '2.0.0' ],
218 silly audit   minimist: [ '1.2.8' ],
218 silly audit   mkdirp: [ '0.5.6' ],
218 silly audit   mongodb: [ '6.18.0' ],
218 silly audit   'mongodb-connection-string-url': [ '3.0.2' ],
218 silly audit   mongoose: [ '8.18.1' ],
218 silly audit   mpath: [ '0.9.0' ],
218 silly audit   mquery: [ '5.0.0' ],
218 silly audit   ms: [ '2.1.3' ],
218 silly audit   multer: [ '2.0.2' ],
218 silly audit   'type-is': [ '1.6.18', '2.0.1' ],
218 silly audit   negotiator: [ '1.0.0' ],
218 silly audit   'object-assign': [ '4.1.1' ],
218 silly audit   'object-inspect': [ '1.13.4' ],
218 silly audit   'on-finished': [ '2.4.1' ],
218 silly audit   once: [ '1.4.0' ],
218 silly audit   'one-time': [ '1.0.0' ],
218 silly audit   parseurl: [ '1.3.3' ],
218 silly audit   'path-to-regexp': [ '8.3.0' ],
218 silly audit   'proxy-addr': [ '2.0.7' ],
218 silly audit   'proxy-from-env': [ '1.1.0' ],
218 silly audit   punycode: [ '2.3.1' ],
218 silly audit   qs: [ '6.14.0' ],
218 silly audit   'range-parser': [ '1.2.1' ],
218 silly audit   'raw-body': [ '3.0.1' ],
218 silly audit   'readable-stream': [ '3.6.2' ],
218 silly audit   router: [ '2.2.0' ],
218 silly audit   'safe-buffer': [ '5.2.1' ],
218 silly audit   'safe-stable-stringify': [ '2.5.0' ],
218 silly audit   'safer-buffer': [ '2.1.2' ],
218 silly audit   semver: [ '7.7.3' ],
218 silly audit   send: [ '1.2.0' ],
218 silly audit   'serve-static': [ '2.2.0' ],
218 silly audit   setprototypeof: [ '1.2.0' ],
218 silly audit   'side-channel': [ '1.1.0' ],
218 silly audit   'side-channel-list': [ '1.0.0' ],
218 silly audit   'side-channel-map': [ '1.0.1' ],
218 silly audit   'side-channel-weakmap': [ '1.0.2' ],
218 silly audit   sift: [ '17.1.3' ],
218 silly audit   'simple-swizzle': [ '0.2.4' ],
218 silly audit   'sparse-bitfield': [ '3.0.3' ],
218 silly audit   stack: [ '0.1.0' ],
218 silly audit   'stack-trace': [ '0.0.10' ],
218 silly audit   'stream-chain': [ '2.2.5' ],
218 silly audit   'stream-json': [ '1.9.1' ],
218 silly audit   streamsearch: [ '1.1.0' ],
218 silly audit   string_decoder: [ '1.3.0' ],
218 silly audit   'text-hex': [ '1.0.0' ],
218 silly audit   toidentifier: [ '1.0.1' ],
218 silly audit   tr46: [ '5.1.1' ],
218 silly audit   'triple-beam': [ '1.4.1' ],
218 silly audit   typedarray: [ '0.0.6' ],
218 silly audit   unpipe: [ '1.0.0' ],
218 silly audit   'util-deprecate': [ '1.0.2' ],
218 silly audit   uuid: [ '8.3.2' ],
218 silly audit   vary: [ '1.1.2' ],
218 silly audit   'webidl-conversions': [ '7.0.0' ],
218 silly audit   'whatwg-url': [ '14.2.0' ],
218 silly audit   winston: [ '3.17.0' ],
218 silly audit   'winston-transport': [ '4.9.0' ],
218 silly audit   wrappy: [ '1.0.2' ],
218 silly audit   xtend: [ '4.0.2' ],
218 silly audit   '@grpc/grpc-js': [ '1.14.1' ],
218 silly audit   '@grpc/proto-loader': [ '0.8.0' ],
218 silly audit   axios: [ '1.13.2' ],
218 silly audit   cors: [ '2.8.5' ],
218 silly audit   express: [ '5.1.0' ],
218 silly audit   jsonwebtoken: [ '9.0.2' ],
218 silly audit   '@js-sdsl/ordered-map': [ '4.4.2' ],
218 silly audit   'lodash.camelcase': [ '4.3.0' ],
218 silly audit   long: [ '5.3.2' ],
218 silly audit   protobufjs: [ '7.5.4' ],
218 silly audit   yargs: [ '17.7.2' ],
218 silly audit   '@protobufjs/aspromise': [ '1.1.2' ],
218 silly audit   '@protobufjs/base64': [ '1.1.2' ],
218 silly audit   '@protobufjs/codegen': [ '2.0.4' ],
218 silly audit   '@protobufjs/eventemitter': [ '1.1.0' ],
218 silly audit   '@protobufjs/fetch': [ '1.1.0' ],
218 silly audit   '@protobufjs/float': [ '1.0.2' ],
218 silly audit   '@protobufjs/inquire': [ '1.1.0' ],
218 silly audit   '@protobufjs/path': [ '1.1.2' ],
218 silly audit   '@protobufjs/pool': [ '1.1.0' ],
218 silly audit   '@protobufjs/utf8': [ '1.1.0' ],
218 silly audit   cliui: [ '8.0.1' ],
218 silly audit   escalade: [ '3.2.0' ],
218 silly audit   'get-caller-file': [ '2.0.5' ],
218 silly audit   'require-directory': [ '2.1.1' ],
218 silly audit   'string-width': [ '4.2.3' ],
218 silly audit   y18n: [ '5.0.8' ],
218 silly audit   'yargs-parser': [ '21.1.1' ],
218 silly audit   'strip-ansi': [ '6.0.1' ],
218 silly audit   'wrap-ansi': [ '7.0.0' ],
218 silly audit   'emoji-regex': [ '8.0.0' ],
218 silly audit   'is-fullwidth-code-point': [ '3.0.0' ],
218 silly audit   'ansi-regex': [ '5.0.1' ],
218 silly audit   'ansi-styles': [ '4.3.0' ],
218 silly audit   'undici-types': [ '7.16.0' ]
218 silly audit }
219 http cache undici-types@https://registry.npmjs.org/undici-types/-/undici-types-7.16.0.tgz 0ms (cache hit)
220 http cache ansi-regex@https://registry.npmjs.org/ansi-regex/-/ansi-regex-5.0.1.tgz 0ms (cache hit)
221 http cache emoji-regex@https://registry.npmjs.org/emoji-regex/-/emoji-regex-8.0.0.tgz 0ms (cache hit)
222 http cache is-fullwidth-code-point@https://registry.npmjs.org/is-fullwidth-code-point/-/is-fullwidth-code-point-3.0.0.tgz 0ms (cache hit)
223 http cache strip-ansi@https://registry.npmjs.org/strip-ansi/-/strip-ansi-6.0.1.tgz 0ms (cache hit)
224 http cache yargs-parser@https://registry.npmjs.org/yargs-parser/-/yargs-parser-21.1.1.tgz 0ms (cache hit)
225 http cache wrap-ansi@https://registry.npmjs.org/wrap-ansi/-/wrap-ansi-7.0.0.tgz 0ms (cache hit)
226 http cache string-width@https://registry.npmjs.org/string-width/-/string-width-4.2.3.tgz 0ms (cache hit)
227 http cache require-directory@https://registry.npmjs.org/require-directory/-/require-directory-2.1.1.tgz 0ms (cache hit)
228 http cache get-caller-file@https://registry.npmjs.org/get-caller-file/-/get-caller-file-2.0.5.tgz 0ms (cache hit)
229 http cache escalade@https://registry.npmjs.org/escalade/-/escalade-3.2.0.tgz 0ms (cache hit)
230 http cache y18n@https://registry.npmjs.org/y18n/-/y18n-5.0.8.tgz 0ms (cache hit)
231 http cache cliui@https://registry.npmjs.org/cliui/-/cliui-8.0.1.tgz 0ms (cache hit)
232 http cache @protobufjs/pool@https://registry.npmjs.org/@protobufjs/pool/-/pool-1.1.0.tgz 0ms (cache hit)
233 http cache @protobufjs/utf8@https://registry.npmjs.org/@protobufjs/utf8/-/utf8-1.1.0.tgz 0ms (cache hit)
234 http cache @protobufjs/path@https://registry.npmjs.org/@protobufjs/path/-/path-1.1.2.tgz 0ms (cache hit)
235 http cache @protobufjs/inquire@https://registry.npmjs.org/@protobufjs/inquire/-/inquire-1.1.0.tgz 0ms (cache hit)
236 http cache @protobufjs/float@https://registry.npmjs.org/@protobufjs/float/-/float-1.0.2.tgz 0ms (cache hit)
237 http cache @protobufjs/fetch@https://registry.npmjs.org/@protobufjs/fetch/-/fetch-1.1.0.tgz 0ms (cache hit)
238 http cache @protobufjs/eventemitter@https://registry.npmjs.org/@protobufjs/eventemitter/-/eventemitter-1.1.0.tgz 0ms (cache hit)
239 http cache @protobufjs/codegen@https://registry.npmjs.org/@protobufjs/codegen/-/codegen-2.0.4.tgz 0ms (cache hit)
240 http cache yargs@https://registry.npmjs.org/yargs/-/yargs-17.7.2.tgz 0ms (cache hit)
241 http cache @protobufjs/aspromise@https://registry.npmjs.org/@protobufjs/aspromise/-/aspromise-1.1.2.tgz 0ms (cache hit)
242 http cache long@https://registry.npmjs.org/long/-/long-5.3.2.tgz 0ms (cache hit)
243 http cache protobufjs@https://registry.npmjs.org/protobufjs/-/protobufjs-7.5.4.tgz 0ms (cache hit)
244 http cache @protobufjs/base64@https://registry.npmjs.org/@protobufjs/base64/-/base64-1.1.2.tgz 0ms (cache hit)
245 http cache lodash.camelcase@https://registry.npmjs.org/lodash.camelcase/-/lodash.camelcase-4.3.0.tgz 0ms (cache hit)
246 http cache cors@https://registry.npmjs.org/cors/-/cors-2.8.5.tgz 0ms (cache hit)
247 http cache @js-sdsl/ordered-map@https://registry.npmjs.org/@js-sdsl/ordered-map/-/ordered-map-4.4.2.tgz 0ms (cache hit)
248 http cache @grpc/proto-loader@https://registry.npmjs.org/@grpc/proto-loader/-/proto-loader-0.8.0.tgz 0ms (cache hit)
249 http cache axios@https://registry.npmjs.org/axios/-/axios-1.13.2.tgz 0ms (cache hit)
250 http cache @grpc/grpc-js@https://registry.npmjs.org/@grpc/grpc-js/-/grpc-js-1.14.1.tgz 0ms (cache hit)
251 http cache color-name@https://registry.npmjs.org/color-name/-/color-name-1.1.4.tgz 0ms (cache hit)
252 http cache @types/node@https://registry.npmjs.org/@types/node/-/node-24.10.1.tgz 0ms (cache hit)
253 http cache color-convert@https://registry.npmjs.org/color-convert/-/color-convert-2.0.1.tgz 0ms (cache hit)
254 http cache ansi-styles@https://registry.npmjs.org/ansi-styles/-/ansi-styles-4.3.0.tgz 0ms (cache hit)
255 silly tarball no local data for undici-types@https://registry.npmjs.org/undici-types/-/undici-types-7.16.0.tgz. Extracting by manifest.
256 silly tarball no local data for emoji-regex@https://registry.npmjs.org/emoji-regex/-/emoji-regex-8.0.0.tgz. Extracting by manifest.
257 silly tarball no local data for strip-ansi@https://registry.npmjs.org/strip-ansi/-/strip-ansi-6.0.1.tgz. Extracting by manifest.
258 silly tarball no local data for is-fullwidth-code-point@https://registry.npmjs.org/is-fullwidth-code-point/-/is-fullwidth-code-point-3.0.0.tgz. Extracting by manifest.
259 silly tarball no local data for ansi-regex@https://registry.npmjs.org/ansi-regex/-/ansi-regex-5.0.1.tgz. Extracting by manifest.
260 silly tarball no local data for yargs-parser@https://registry.npmjs.org/yargs-parser/-/yargs-parser-21.1.1.tgz. Extracting by manifest.
261 silly tarball no local data for string-width@https://registry.npmjs.org/string-width/-/string-width-4.2.3.tgz. Extracting by manifest.
262 silly tarball no local data for wrap-ansi@https://registry.npmjs.org/wrap-ansi/-/wrap-ansi-7.0.0.tgz. Extracting by manifest.
263 silly tarball no local data for require-directory@https://registry.npmjs.org/require-directory/-/require-directory-2.1.1.tgz. Extracting by manifest.
264 silly tarball no local data for cliui@https://registry.npmjs.org/cliui/-/cliui-8.0.1.tgz. Extracting by manifest.
265 silly tarball no local data for escalade@https://registry.npmjs.org/escalade/-/escalade-3.2.0.tgz. Extracting by manifest.
266 silly tarball no local data for @protobufjs/utf8@https://registry.npmjs.org/@protobufjs/utf8/-/utf8-1.1.0.tgz. Extracting by manifest.
267 silly tarball no local data for y18n@https://registry.npmjs.org/y18n/-/y18n-5.0.8.tgz. Extracting by manifest.
268 silly tarball no local data for @protobufjs/inquire@https://registry.npmjs.org/@protobufjs/inquire/-/inquire-1.1.0.tgz. Extracting by manifest.
269 silly tarball no local data for @protobufjs/pool@https://registry.npmjs.org/@protobufjs/pool/-/pool-1.1.0.tgz. Extracting by manifest.
270 silly tarball no local data for @protobufjs/float@https://registry.npmjs.org/@protobufjs/float/-/float-1.0.2.tgz. Extracting by manifest.
271 silly tarball no local data for @protobufjs/fetch@https://registry.npmjs.org/@protobufjs/fetch/-/fetch-1.1.0.tgz. Extracting by manifest.
272 silly tarball no local data for @protobufjs/eventemitter@https://registry.npmjs.org/@protobufjs/eventemitter/-/eventemitter-1.1.0.tgz. Extracting by manifest.
273 silly tarball no local data for @protobufjs/codegen@https://registry.npmjs.org/@protobufjs/codegen/-/codegen-2.0.4.tgz. Extracting by manifest.
274 silly tarball no local data for @protobufjs/path@https://registry.npmjs.org/@protobufjs/path/-/path-1.1.2.tgz. Extracting by manifest.
275 silly tarball no local data for @protobufjs/aspromise@https://registry.npmjs.org/@protobufjs/aspromise/-/aspromise-1.1.2.tgz. Extracting by manifest.
276 silly tarball no local data for protobufjs@https://registry.npmjs.org/protobufjs/-/protobufjs-7.5.4.tgz. Extracting by manifest.
277 silly tarball no local data for yargs@https://registry.npmjs.org/yargs/-/yargs-17.7.2.tgz. Extracting by manifest.
278 silly tarball no local data for lodash.camelcase@https://registry.npmjs.org/lodash.camelcase/-/lodash.camelcase-4.3.0.tgz. Extracting by manifest.
279 silly tarball no local data for long@https://registry.npmjs.org/long/-/long-5.3.2.tgz. Extracting by manifest.
280 silly tarball no local data for @js-sdsl/ordered-map@https://registry.npmjs.org/@js-sdsl/ordered-map/-/ordered-map-4.4.2.tgz. Extracting by manifest.
281 silly tarball no local data for @grpc/proto-loader@https://registry.npmjs.org/@grpc/proto-loader/-/proto-loader-0.8.0.tgz. Extracting by manifest.
282 silly tarball no local data for @protobufjs/base64@https://registry.npmjs.org/@protobufjs/base64/-/base64-1.1.2.tgz. Extracting by manifest.
283 silly tarball no local data for @grpc/grpc-js@https://registry.npmjs.org/@grpc/grpc-js/-/grpc-js-1.14.1.tgz. Extracting by manifest.
284 silly tarball no local data for cors@https://registry.npmjs.org/cors/-/cors-2.8.5.tgz. Extracting by manifest.
285 silly tarball no local data for @types/node@https://registry.npmjs.org/@types/node/-/node-24.10.1.tgz. Extracting by manifest.
286 silly tarball no local data for axios@https://registry.npmjs.org/axios/-/axios-1.13.2.tgz. Extracting by manifest.
287 silly tarball no local data for get-caller-file@https://registry.npmjs.org/get-caller-file/-/get-caller-file-2.0.5.tgz. Extracting by manifest.
288 http fetch POST 200 https://registry.npmjs.org/-/npm/v1/security/advisories/bulk 158ms
289 silly audit report {
289 silly audit report   'body-parser': [
289 silly audit report     {
289 silly audit report       id: 1110858,
289 silly audit report       url: 'https://github.com/advisories/GHSA-wqch-xfxh-vrr4',
289 silly audit report       title: 'body-parser is vulnerable to denial of service when url encoding is used',
289 silly audit report       severity: 'moderate',
289 silly audit report       vulnerable_versions: '>=2.2.0 <2.2.1',
289 silly audit report       cwe: [Array],
289 silly audit report       cvss: [Object]
289 silly audit report     }
289 silly audit report   ]
289 silly audit report }
290 silly packumentCache corgi:https://registry.npmjs.org/body-parser cache-miss
291 http fetch GET 200 https://registry.npmjs.org/strip-ansi/-/strip-ansi-6.0.1.tgz 129ms (cache miss)
292 http fetch GET 200 https://registry.npmjs.org/@protobufjs/pool/-/pool-1.1.0.tgz 202ms (cache miss)
293 http fetch GET 200 https://registry.npmjs.org/@protobufjs/float/-/float-1.0.2.tgz 339ms (cache miss)
294 http fetch GET 200 https://registry.npmjs.org/@protobufjs/fetch/-/fetch-1.1.0.tgz 342ms (cache miss)
295 http fetch GET 200 https://registry.npmjs.org/undici-types/-/undici-types-7.16.0.tgz 398ms (cache miss)
296 http fetch GET 200 https://registry.npmjs.org/@protobufjs/eventemitter/-/eventemitter-1.1.0.tgz 407ms (cache miss)
297 http fetch GET 200 https://registry.npmjs.org/@protobufjs/path/-/path-1.1.2.tgz 411ms (cache miss)
298 http fetch GET 200 https://registry.npmjs.org/@protobufjs/codegen/-/codegen-2.0.4.tgz 443ms (cache miss)
299 http fetch GET 200 https://registry.npmjs.org/ansi-regex/-/ansi-regex-5.0.1.tgz 482ms (cache miss)
300 http fetch GET 200 https://registry.npmjs.org/@protobufjs/aspromise/-/aspromise-1.1.2.tgz 553ms (cache miss)
301 http fetch GET 200 https://registry.npmjs.org/require-directory/-/require-directory-2.1.1.tgz 569ms (cache miss)
302 http fetch GET 200 https://registry.npmjs.org/is-fullwidth-code-point/-/is-fullwidth-code-point-3.0.0.tgz 573ms (cache miss)
303 http fetch GET 200 https://registry.npmjs.org/escalade/-/escalade-3.2.0.tgz 567ms (cache miss)
304 http fetch GET 200 https://registry.npmjs.org/@protobufjs/inquire/-/inquire-1.1.0.tgz 576ms (cache miss)
305 http fetch GET 200 https://registry.npmjs.org/cliui/-/cliui-8.0.1.tgz 608ms (cache miss)
306 http fetch GET 200 https://registry.npmjs.org/wrap-ansi/-/wrap-ansi-7.0.0.tgz 636ms (cache miss)
307 http fetch GET 200 https://registry.npmjs.org/lodash.camelcase/-/lodash.camelcase-4.3.0.tgz 642ms (cache miss)
308 http fetch GET 200 https://registry.npmjs.org/cors/-/cors-2.8.5.tgz 645ms (cache miss)
309 http fetch GET 200 https://registry.npmjs.org/@protobufjs/utf8/-/utf8-1.1.0.tgz 705ms (cache miss)
310 http fetch GET 200 https://registry.npmjs.org/y18n/-/y18n-5.0.8.tgz 726ms (cache miss)
311 http fetch GET 200 https://registry.npmjs.org/emoji-regex/-/emoji-regex-8.0.0.tgz 943ms (cache miss)
312 http fetch GET 200 https://registry.npmjs.org/string-width/-/string-width-4.2.3.tgz 984ms (cache miss)
313 http fetch GET 200 https://registry.npmjs.org/@protobufjs/base64/-/base64-1.1.2.tgz 968ms (cache miss)
314 http fetch GET 200 https://registry.npmjs.org/get-caller-file/-/get-caller-file-2.0.5.tgz 1060ms (cache miss)
315 http fetch GET 200 https://registry.npmjs.org/yargs-parser/-/yargs-parser-21.1.1.tgz 1281ms (cache miss)
316 http fetch GET 200 https://registry.npmjs.org/body-parser 1523ms (cache miss)
317 silly packumentCache corgi:https://registry.npmjs.org/body-parser set size:undefined disposed:false
318 silly packumentCache corgi:https://registry.npmjs.org/express cache-miss
319 http fetch GET 200 https://registry.npmjs.org/@grpc/proto-loader/-/proto-loader-0.8.0.tgz 1728ms (cache miss)
320 http fetch GET 200 https://registry.npmjs.org/long/-/long-5.3.2.tgz 2050ms (cache miss)
321 http fetch GET 200 https://registry.npmjs.org/@js-sdsl/ordered-map/-/ordered-map-4.4.2.tgz 2791ms (cache miss)
322 http fetch GET 200 https://registry.npmjs.org/yargs/-/yargs-17.7.2.tgz 3019ms (cache miss)
323 http fetch GET 200 https://registry.npmjs.org/express 2424ms (cache miss)
324 silly packumentCache corgi:https://registry.npmjs.org/express set size:undefined disposed:false
325 http fetch GET 200 https://registry.npmjs.org/@types/node/-/node-24.10.1.tgz 6791ms (cache miss)
326 http fetch GET 200 https://registry.npmjs.org/axios/-/axios-1.13.2.tgz 8768ms (cache miss)
327 http fetch GET 200 https://registry.npmjs.org/protobufjs/-/protobufjs-7.5.4.tgz 9504ms (cache miss)
328 http fetch GET 200 https://registry.npmjs.org/@grpc/grpc-js/-/grpc-js-1.14.1.tgz 17628ms (cache miss)
329 info run protobufjs@7.5.4 postinstall node_modules/protobufjs node scripts/postinstall
330 info run protobufjs@7.5.4 postinstall { code: 0, signal: null }
331 silly ADD node_modules/undici-types
332 silly ADD node_modules/ansi-styles
333 silly ADD node_modules/ansi-styles/node_modules/color-name
334 silly ADD node_modules/ansi-styles/node_modules/color-convert
335 silly ADD node_modules/ansi-regex
336 silly ADD node_modules/is-fullwidth-code-point
337 silly ADD node_modules/emoji-regex
338 silly ADD node_modules/wrap-ansi
339 silly ADD node_modules/strip-ansi
340 silly ADD node_modules/yargs-parser
341 silly ADD node_modules/y18n
342 silly ADD node_modules/string-width
343 silly ADD node_modules/require-directory
344 silly ADD node_modules/get-caller-file
345 silly ADD node_modules/escalade
346 silly ADD node_modules/cliui
347 silly ADD node_modules/@protobufjs/utf8
348 silly ADD node_modules/@protobufjs/pool
349 silly ADD node_modules/@protobufjs/path
350 silly ADD node_modules/@protobufjs/inquire
351 silly ADD node_modules/@protobufjs/float
352 silly ADD node_modules/@protobufjs/fetch
353 silly ADD node_modules/@protobufjs/eventemitter
354 silly ADD node_modules/@protobufjs/codegen
355 silly ADD node_modules/@protobufjs/base64
356 silly ADD node_modules/@protobufjs/aspromise
357 silly ADD node_modules/yargs
358 silly ADD node_modules/protobufjs
359 silly ADD node_modules/protobufjs/node_modules/@types/node
360 silly ADD node_modules/long
361 silly ADD node_modules/lodash.camelcase
362 silly ADD node_modules/@js-sdsl/ordered-map
363 silly ADD node_modules/cors
364 silly ADD node_modules/@grpc/proto-loader
365 silly ADD node_modules/@grpc/grpc-js
366 silly CHANGE node_modules/axios
367 verbose cwd /home/zeta
368 verbose os Linux 6.12.41+deb13-amd64
369 verbose node v24.6.0
370 verbose npm  v11.5.1
371 verbose exit 0
372 info ok
