0 verbose cli /usr/bin/node /usr/bin/npm
1 info using npm@11.5.1
2 info using node@v24.6.0
3 silly config load:file:/usr/lib/node_modules/npm/npmrc
4 silly config load:file:/root/.npmrc
5 silly config load:file:/usr/etc/npmrc
6 verbose title npm init
7 verbose argv "init" "--yes"
8 verbose logfile logs-max:10 dir:/root/.npm/_logs/2025-11-26T04_27_59_305Z-
9 verbose logfile /root/.npm/_logs/2025-11-26T04_27_59_305Z-debug-0.log
10 silly logfile done cleaning log files
11 silly package data {
11 silly package data   name: 'root',
11 silly package data   version: '1.0.0',
11 silly package data   description: '',
11 silly package data   main: 's1_interfaz.js',
11 silly package data   scripts: { test: 'echo "Error: no test specified" && exit 1' },
11 silly package data   keywords: [],
11 silly package data   author: '',
11 silly package data   license: 'ISC',
11 silly package data   type: 'commonjs'
11 silly package data }
12 verbose cwd /root
13 verbose os Linux 6.12.41+deb13-amd64
14 verbose node v24.6.0
15 verbose npm  v11.5.1
16 verbose exit 0
17 info ok
