0 verbose cli /usr/bin/node /usr/bin/npm
1 info using npm@11.5.1
2 info using node@v24.6.0
3 silly config load:file:/usr/lib/node_modules/npm/npmrc
4 silly config load:file:/root/.npmrc
5 silly config load:file:/usr/etc/npmrc
6 verbose title npm install express @grpc/grpc-js @grpc/proto-loader axios cors jsonwebtoken
7 verbose argv "install" "express" "@grpc/grpc-js" "@grpc/proto-loader" "axios" "cors" "jsonwebtoken"
8 verbose logfile logs-max:10 dir:/root/.npm/_logs/2025-11-26T04_27_59_760Z-
9 verbose logfile /root/.npm/_logs/2025-11-26T04_27_59_760Z-debug-0.log
10 silly logfile done cleaning log files
11 silly packumentCache heap:2348810240 maxSize:587202560 maxEntrySize:293601280
12 silly idealTree buildDeps
13 silly fetch manifest express@*
14 silly packumentCache full:https://registry.npmjs.org/express cache-miss
15 http fetch GET 200 https://registry.npmjs.org/express 640ms (cache revalidated)
16 silly packumentCache full:https://registry.npmjs.org/express set size:796355 disposed:false
17 silly fetch manifest @grpc/grpc-js@*
18 silly packumentCache full:https://registry.npmjs.org/@grpc%2fgrpc-js cache-miss
19 http fetch GET 200 https://registry.npmjs.org/@grpc%2fgrpc-js 130ms (cache revalidated)
20 silly packumentCache full:https://registry.npmjs.org/@grpc%2fgrpc-js set size:651187 disposed:false
21 silly fetch manifest @grpc/proto-loader@*
22 silly packumentCache full:https://registry.npmjs.org/@grpc%2fproto-loader cache-miss
23 http fetch GET 200 https://registry.npmjs.org/@grpc%2fproto-loader 689ms (cache revalidated)
24 silly packumentCache full:https://registry.npmjs.org/@grpc%2fproto-loader set size:215394 disposed:false
25 silly fetch manifest axios@*
26 silly packumentCache full:https://registry.npmjs.org/axios cache-miss
27 http fetch GET 200 https://registry.npmjs.org/axios 105ms (cache revalidated)
28 silly packumentCache full:https://registry.npmjs.org/axios set size:733991 disposed:false
29 silly fetch manifest cors@*
30 silly packumentCache full:https://registry.npmjs.org/cors cache-miss
31 http fetch GET 200 https://registry.npmjs.org/cors 96ms (cache revalidated)
32 silly packumentCache full:https://registry.npmjs.org/cors set size:73833 disposed:false
33 silly fetch manifest jsonwebtoken@*
34 silly packumentCache full:https://registry.npmjs.org/jsonwebtoken cache-miss
35 http fetch GET 200 https://registry.npmjs.org/jsonwebtoken 111ms (cache revalidated)
36 silly packumentCache full:https://registry.npmjs.org/jsonwebtoken set size:181365 disposed:false
37 silly placeDep ROOT @grpc/grpc-js@1.14.1 OK for: root@1.0.0 want: *
38 silly placeDep ROOT @grpc/proto-loader@0.8.0 OK for: root@1.0.0 want: *
39 silly placeDep ROOT axios@1.13.2 OK for: root@1.0.0 want: *
40 silly placeDep ROOT cors@2.8.5 OK for: root@1.0.0 want: *
41 silly placeDep ROOT express@5.1.0 OK for: root@1.0.0 want: *
42 silly placeDep ROOT jsonwebtoken@9.0.2 OK for: root@1.0.0 want: *
43 silly fetch manifest @grpc/proto-loader@^0.8.0
44 silly packumentCache full:https://registry.npmjs.org/@grpc%2fproto-loader cache-hit
45 silly fetch manifest @js-sdsl/ordered-map@^4.4.2
46 silly packumentCache full:https://registry.npmjs.org/@js-sdsl%2fordered-map cache-miss
47 silly fetch manifest lodash.camelcase@^4.3.0
48 silly packumentCache full:https://registry.npmjs.org/lodash.camelcase cache-miss
49 silly fetch manifest long@^5.0.0
50 silly packumentCache full:https://registry.npmjs.org/long cache-miss
51 http fetch GET 200 https://registry.npmjs.org/@js-sdsl%2fordered-map 125ms (cache revalidated)
52 silly packumentCache full:https://registry.npmjs.org/@js-sdsl%2fordered-map set size:63788 disposed:false
53 silly fetch manifest protobufjs@^7.5.3
54 silly packumentCache full:https://registry.npmjs.org/protobufjs cache-miss
55 http fetch GET 200 https://registry.npmjs.org/protobufjs 89ms (cache revalidated)
56 silly packumentCache full:https://registry.npmjs.org/protobufjs set size:630901 disposed:false
57 silly fetch manifest yargs@^17.7.2
58 silly packumentCache full:https://registry.npmjs.org/yargs cache-miss
59 http fetch GET 200 https://registry.npmjs.org/yargs 88ms (cache revalidated)
60 silly packumentCache full:https://registry.npmjs.org/yargs set size:743056 disposed:false
61 silly fetch manifest follow-redirects@^1.15.6
62 silly packumentCache full:https://registry.npmjs.org/follow-redirects cache-miss
63 http fetch GET 200 https://registry.npmjs.org/follow-redirects 117ms (cache revalidated)
64 silly packumentCache full:https://registry.npmjs.org/follow-redirects set size:186700 disposed:false
65 silly fetch manifest form-data@^4.0.4
66 silly packumentCache full:https://registry.npmjs.org/form-data cache-miss
67 http fetch GET 200 https://registry.npmjs.org/lodash.camelcase 694ms (cache revalidated)
68 silly packumentCache full:https://registry.npmjs.org/lodash.camelcase set size:16993 disposed:false
69 silly fetch manifest proxy-from-env@^1.1.0
70 silly packumentCache full:https://registry.npmjs.org/proxy-from-env cache-miss
71 http fetch GET 200 https://registry.npmjs.org/long 694ms (cache revalidated)
72 silly packumentCache full:https://registry.npmjs.org/long set size:80704 disposed:false
73 silly fetch manifest vary@^1
74 silly packumentCache full:https://registry.npmjs.org/vary cache-miss
75 http fetch GET 200 https://registry.npmjs.org/form-data 278ms (cache miss)
76 silly packumentCache full:https://registry.npmjs.org/form-data set size:undefined disposed:false
77 silly fetch manifest object-assign@^4
78 silly packumentCache full:https://registry.npmjs.org/object-assign cache-miss
79 http fetch GET 200 https://registry.npmjs.org/object-assign 93ms (cache miss)
80 silly packumentCache full:https://registry.npmjs.org/object-assign set size:undefined disposed:false
81 silly fetch manifest qs@^6.14.0
82 silly packumentCache full:https://registry.npmjs.org/qs cache-miss
83 http fetch GET 200 https://registry.npmjs.org/proxy-from-env 127ms (cache miss)
84 silly packumentCache full:https://registry.npmjs.org/proxy-from-env set size:undefined disposed:false
85 silly fetch manifest etag@^1.8.1
86 silly packumentCache full:https://registry.npmjs.org/etag cache-miss
87 http fetch GET 200 https://registry.npmjs.org/qs 96ms (cache revalidated)
88 silly packumentCache full:https://registry.npmjs.org/qs set size:264677 disposed:false
89 silly fetch manifest once@^1.4.0
90 silly packumentCache full:https://registry.npmjs.org/once cache-miss
91 http fetch GET 200 https://registry.npmjs.org/etag 102ms (cache miss)
92 silly packumentCache full:https://registry.npmjs.org/etag set size:undefined disposed:false
93 silly fetch manifest send@^1.1.0
94 silly packumentCache full:https://registry.npmjs.org/send cache-miss
95 http fetch GET 200 https://registry.npmjs.org/once 91ms (cache miss)
96 silly packumentCache full:https://registry.npmjs.org/once set size:undefined disposed:false
97 silly fetch manifest vary@^1.1.2
98 silly packumentCache full:https://registry.npmjs.org/vary cache-miss
99 http fetch GET 200 https://registry.npmjs.org/vary 83ms (cache miss)
100 silly packumentCache full:https://registry.npmjs.org/vary set size:undefined disposed:false
101 silly fetch manifest debug@^4.4.0
102 silly packumentCache full:https://registry.npmjs.org/debug cache-miss
103 http fetch GET 200 https://registry.npmjs.org/debug 97ms (cache revalidated)
104 silly packumentCache full:https://registry.npmjs.org/debug set size:195840 disposed:false
105 silly fetch manifest fresh@^2.0.0
106 silly packumentCache full:https://registry.npmjs.org/fresh cache-miss
107 http fetch GET 200 https://registry.npmjs.org/vary 510ms (cache miss)
108 silly packumentCache full:https://registry.npmjs.org/vary set size:undefined disposed:false
109 silly fetch manifest cookie@^0.7.1
110 silly packumentCache full:https://registry.npmjs.org/cookie cache-miss
111 http fetch GET 200 https://registry.npmjs.org/cookie 122ms (cache miss)
112 silly packumentCache full:https://registry.npmjs.org/cookie set size:undefined disposed:false
113 silly fetch manifest router@^2.2.0
114 silly packumentCache full:https://registry.npmjs.org/router cache-miss
115 http fetch GET 200 https://registry.npmjs.org/fresh 220ms (cache miss)
116 silly packumentCache full:https://registry.npmjs.org/fresh set size:undefined disposed:false
117 silly fetch manifest accepts@^2.0.0
118 silly packumentCache full:https://registry.npmjs.org/accepts cache-miss
119 http fetch GET 200 https://registry.npmjs.org/send 553ms (cache miss)
120 silly packumentCache full:https://registry.npmjs.org/send set size:undefined disposed:false
121 silly fetch manifest type-is@^2.0.1
122 silly packumentCache full:https://registry.npmjs.org/type-is cache-miss
123 http fetch GET 200 https://registry.npmjs.org/accepts 194ms (cache miss)
124 silly packumentCache full:https://registry.npmjs.org/accepts set size:undefined disposed:false
125 silly fetch manifest parseurl@^1.3.3
126 silly packumentCache full:https://registry.npmjs.org/parseurl cache-miss
127 http fetch GET 200 https://registry.npmjs.org/type-is 149ms (cache miss)
128 silly packumentCache full:https://registry.npmjs.org/type-is set size:undefined disposed:false
129 silly fetch manifest statuses@^2.0.1
130 silly packumentCache full:https://registry.npmjs.org/statuses cache-miss
131 http fetch GET 200 https://registry.npmjs.org/parseurl 92ms (cache miss)
132 silly packumentCache full:https://registry.npmjs.org/parseurl set size:undefined disposed:false
133 silly fetch manifest encodeurl@^2.0.0
134 silly packumentCache full:https://registry.npmjs.org/encodeurl cache-miss
135 http fetch GET 200 https://registry.npmjs.org/encodeurl 142ms (cache miss)
136 silly packumentCache full:https://registry.npmjs.org/encodeurl set size:undefined disposed:false
137 silly fetch manifest mime-types@^3.0.0
138 silly packumentCache full:https://registry.npmjs.org/mime-types cache-miss
139 http fetch GET 200 https://registry.npmjs.org/mime-types 334ms (cache miss)
140 silly packumentCache full:https://registry.npmjs.org/mime-types set size:undefined disposed:false
141 silly fetch manifest proxy-addr@^2.0.7
142 silly packumentCache full:https://registry.npmjs.org/proxy-addr cache-miss
143 http fetch GET 200 https://registry.npmjs.org/proxy-addr 123ms (cache miss)
144 silly packumentCache full:https://registry.npmjs.org/proxy-addr set size:undefined disposed:false
145 silly fetch manifest body-parser@^2.2.0
146 silly packumentCache full:https://registry.npmjs.org/body-parser cache-miss
147 http fetch GET 200 https://registry.npmjs.org/statuses 900ms (cache miss)
148 silly packumentCache full:https://registry.npmjs.org/statuses set size:undefined disposed:false
149 silly fetch manifest escape-html@^1.0.3
150 silly packumentCache full:https://registry.npmjs.org/escape-html cache-miss
151 http fetch GET 200 https://registry.npmjs.org/router 1349ms (cache miss)
152 silly packumentCache full:https://registry.npmjs.org/router set size:undefined disposed:false
153 silly fetch manifest http-errors@^2.0.0
154 silly packumentCache full:https://registry.npmjs.org/http-errors cache-miss
155 http fetch GET 200 https://registry.npmjs.org/escape-html 176ms (cache miss)
156 silly packumentCache full:https://registry.npmjs.org/escape-html set size:undefined disposed:false
157 silly fetch manifest on-finished@^2.4.1
158 silly packumentCache full:https://registry.npmjs.org/on-finished cache-miss
159 http fetch GET 200 https://registry.npmjs.org/on-finished 97ms (cache miss)
160 silly packumentCache full:https://registry.npmjs.org/on-finished set size:undefined disposed:false
161 silly fetch manifest content-type@^1.0.5
162 silly packumentCache full:https://registry.npmjs.org/content-type cache-miss
163 http fetch GET 200 https://registry.npmjs.org/http-errors 247ms (cache miss)
164 silly packumentCache full:https://registry.npmjs.org/http-errors set size:undefined disposed:false
165 silly fetch manifest finalhandler@^2.1.0
166 silly packumentCache full:https://registry.npmjs.org/finalhandler cache-miss
167 http fetch GET 200 https://registry.npmjs.org/content-type 135ms (cache miss)
168 silly packumentCache full:https://registry.npmjs.org/content-type set size:undefined disposed:false
169 silly fetch manifest range-parser@^1.2.1
170 silly packumentCache full:https://registry.npmjs.org/range-parser cache-miss
171 http fetch GET 200 https://registry.npmjs.org/body-parser 662ms (cache miss)
172 silly packumentCache full:https://registry.npmjs.org/body-parser set size:undefined disposed:false
173 silly fetch manifest serve-static@^2.2.0
174 silly packumentCache full:https://registry.npmjs.org/serve-static cache-miss
175 http fetch GET 200 https://registry.npmjs.org/range-parser 70ms (cache miss)
176 silly packumentCache full:https://registry.npmjs.org/range-parser set size:undefined disposed:false
177 silly fetch manifest cookie-signature@^1.2.1
178 silly packumentCache full:https://registry.npmjs.org/cookie-signature cache-miss
179 http fetch GET 200 https://registry.npmjs.org/cookie-signature 76ms (cache miss)
180 silly packumentCache full:https://registry.npmjs.org/cookie-signature set size:undefined disposed:false
181 silly fetch manifest merge-descriptors@^2.0.0
182 silly packumentCache full:https://registry.npmjs.org/merge-descriptors cache-miss
183 http fetch GET 200 https://registry.npmjs.org/finalhandler 282ms (cache miss)
184 silly packumentCache full:https://registry.npmjs.org/finalhandler set size:undefined disposed:false
185 silly fetch manifest content-disposition@^1.0.0
186 silly packumentCache full:https://registry.npmjs.org/content-disposition cache-miss
187 http fetch GET 200 https://registry.npmjs.org/serve-static 562ms (cache miss)
188 silly packumentCache full:https://registry.npmjs.org/serve-static set size:undefined disposed:false
189 silly fetch manifest ms@^2.1.1
190 silly packumentCache full:https://registry.npmjs.org/ms cache-miss
191 http fetch GET 200 https://registry.npmjs.org/merge-descriptors 450ms (cache miss)
192 silly packumentCache full:https://registry.npmjs.org/merge-descriptors set size:undefined disposed:false
193 silly fetch manifest jws@^3.2.2
194 silly packumentCache full:https://registry.npmjs.org/jws cache-miss
195 http fetch GET 200 https://registry.npmjs.org/content-disposition 390ms (cache miss)
196 silly packumentCache full:https://registry.npmjs.org/content-disposition set size:undefined disposed:false
197 silly fetch manifest semver@^7.5.4
198 silly packumentCache full:https://registry.npmjs.org/semver cache-miss
199 http fetch GET 200 https://registry.npmjs.org/ms 93ms (cache revalidated)
200 silly packumentCache full:https://registry.npmjs.org/ms set size:92208 disposed:false
201 silly fetch manifest lodash.once@^4.0.0
202 silly packumentCache full:https://registry.npmjs.org/lodash.once cache-miss
203 http fetch GET 200 https://registry.npmjs.org/lodash.once 81ms (cache miss)
204 silly packumentCache full:https://registry.npmjs.org/lodash.once set size:undefined disposed:false
205 silly fetch manifest lodash.includes@^4.3.0
206 silly packumentCache full:https://registry.npmjs.org/lodash.includes cache-miss
207 http fetch GET 200 https://registry.npmjs.org/jws 191ms (cache miss)
208 silly packumentCache full:https://registry.npmjs.org/jws set size:undefined disposed:false
209 silly fetch manifest lodash.isnumber@^3.0.3
210 silly packumentCache full:https://registry.npmjs.org/lodash.isnumber cache-miss
211 http fetch GET 200 https://registry.npmjs.org/lodash.includes 132ms (cache miss)
212 silly packumentCache full:https://registry.npmjs.org/lodash.includes set size:undefined disposed:false
213 silly fetch manifest lodash.isstring@^4.0.1
214 silly packumentCache full:https://registry.npmjs.org/lodash.isstring cache-miss
215 http fetch GET 200 https://registry.npmjs.org/lodash.isnumber 185ms (cache miss)
216 silly packumentCache full:https://registry.npmjs.org/lodash.isnumber set size:undefined disposed:false
217 silly fetch manifest lodash.isboolean@^3.0.3
218 silly packumentCache full:https://registry.npmjs.org/lodash.isboolean cache-miss
219 http fetch GET 200 https://registry.npmjs.org/lodash.isboolean 208ms (cache miss)
220 silly packumentCache full:https://registry.npmjs.org/lodash.isboolean set size:undefined disposed:false
221 silly fetch manifest lodash.isinteger@^4.0.4
222 silly packumentCache full:https://registry.npmjs.org/lodash.isinteger cache-miss
223 http fetch GET 200 https://registry.npmjs.org/semver 888ms (cache miss)
224 silly packumentCache full:https://registry.npmjs.org/semver set size:undefined disposed:false
225 silly fetch manifest lodash.isplainobject@^4.0.6
226 silly packumentCache full:https://registry.npmjs.org/lodash.isplainobject cache-miss
227 http fetch GET 200 https://registry.npmjs.org/lodash.isinteger 369ms (cache miss)
228 silly packumentCache full:https://registry.npmjs.org/lodash.isinteger set size:undefined disposed:false
229 http fetch GET 200 https://registry.npmjs.org/lodash.isstring 682ms (cache miss)
230 silly packumentCache full:https://registry.npmjs.org/lodash.isstring set size:undefined disposed:false
231 http fetch GET 200 https://registry.npmjs.org/lodash.isplainobject 181ms (cache miss)
232 silly packumentCache full:https://registry.npmjs.org/lodash.isplainobject set size:undefined disposed:false
233 silly placeDep ROOT @js-sdsl/ordered-map@4.4.2 OK for: @grpc/grpc-js@1.14.1 want: ^4.4.2
234 silly placeDep ROOT lodash.camelcase@4.3.0 OK for: @grpc/proto-loader@0.8.0 want: ^4.3.0
235 silly placeDep ROOT long@5.3.2 OK for: @grpc/proto-loader@0.8.0 want: ^5.0.0
236 silly placeDep ROOT protobufjs@7.5.4 OK for: @grpc/proto-loader@0.8.0 want: ^7.5.3
237 silly placeDep ROOT yargs@17.7.2 OK for: @grpc/proto-loader@0.8.0 want: ^17.7.2
238 silly fetch manifest @protobufjs/aspromise@^1.1.2
239 silly packumentCache full:https://registry.npmjs.org/@protobufjs%2faspromise cache-miss
240 silly fetch manifest @protobufjs/base64@^1.1.2
241 silly packumentCache full:https://registry.npmjs.org/@protobufjs%2fbase64 cache-miss
242 silly fetch manifest @protobufjs/codegen@^2.0.4
243 silly packumentCache full:https://registry.npmjs.org/@protobufjs%2fcodegen cache-miss
244 http fetch GET 200 https://registry.npmjs.org/@protobufjs%2fcodegen 123ms (cache revalidated)
245 silly packumentCache full:https://registry.npmjs.org/@protobufjs%2fcodegen set size:22005 disposed:false
246 silly fetch manifest @protobufjs/eventemitter@^1.1.0
247 silly packumentCache full:https://registry.npmjs.org/@protobufjs%2feventemitter cache-miss
248 http fetch GET 200 https://registry.npmjs.org/@protobufjs%2faspromise 133ms (cache revalidated)
249 silly packumentCache full:https://registry.npmjs.org/@protobufjs%2faspromise set size:11438 disposed:false
250 silly fetch manifest @protobufjs/fetch@^1.1.0
251 silly packumentCache full:https://registry.npmjs.org/@protobufjs%2ffetch cache-miss
252 http fetch GET 200 https://registry.npmjs.org/@protobufjs%2fbase64 151ms (cache revalidated)
253 silly packumentCache full:https://registry.npmjs.org/@protobufjs%2fbase64 set size:14176 disposed:false
254 silly fetch manifest @protobufjs/float@^1.0.2
255 silly packumentCache full:https://registry.npmjs.org/@protobufjs%2ffloat cache-miss
256 http fetch GET 200 https://registry.npmjs.org/@protobufjs%2feventemitter 100ms (cache revalidated)
257 silly packumentCache full:https://registry.npmjs.org/@protobufjs%2feventemitter set size:11306 disposed:false
258 silly fetch manifest @protobufjs/inquire@^1.1.0
259 silly packumentCache full:https://registry.npmjs.org/@protobufjs%2finquire cache-miss
260 http fetch GET 200 https://registry.npmjs.org/@protobufjs%2ffetch 96ms (cache revalidated)
261 silly packumentCache full:https://registry.npmjs.org/@protobufjs%2ffetch set size:10099 disposed:false
262 silly fetch manifest @protobufjs/path@^1.1.2
263 silly packumentCache full:https://registry.npmjs.org/@protobufjs%2fpath cache-miss
264 http fetch GET 200 https://registry.npmjs.org/@protobufjs%2ffloat 105ms (cache revalidated)
265 silly packumentCache full:https://registry.npmjs.org/@protobufjs%2ffloat set size:9957 disposed:false
266 silly fetch manifest @protobufjs/pool@^1.1.0
267 silly packumentCache full:https://registry.npmjs.org/@protobufjs%2fpool cache-miss
268 http fetch GET 200 https://registry.npmjs.org/@protobufjs%2fpath 104ms (cache revalidated)
269 silly packumentCache full:https://registry.npmjs.org/@protobufjs%2fpath set size:10241 disposed:false
270 silly fetch manifest @protobufjs/utf8@^1.1.0
271 silly packumentCache full:https://registry.npmjs.org/@protobufjs%2futf8 cache-miss
272 http fetch GET 200 https://registry.npmjs.org/@protobufjs%2finquire 111ms (cache revalidated)
273 silly packumentCache full:https://registry.npmjs.org/@protobufjs%2finquire set size:6983 disposed:false
274 silly fetch manifest @types/node@>=13.7.0
275 silly packumentCache full:https://registry.npmjs.org/@types%2fnode cache-miss
276 http fetch GET 200 https://registry.npmjs.org/@protobufjs%2fpool 99ms (cache revalidated)
277 silly packumentCache full:https://registry.npmjs.org/@protobufjs%2fpool set size:10727 disposed:false
278 silly fetch manifest y18n@^5.0.5
279 silly packumentCache full:https://registry.npmjs.org/y18n cache-miss
280 http fetch GET 200 https://registry.npmjs.org/@protobufjs%2futf8 93ms (cache revalidated)
281 silly packumentCache full:https://registry.npmjs.org/@protobufjs%2futf8 set size:13750 disposed:false
282 silly fetch manifest cliui@^8.0.1
283 silly packumentCache full:https://registry.npmjs.org/cliui cache-miss
284 http fetch GET 200 https://registry.npmjs.org/y18n 96ms (cache revalidated)
285 silly packumentCache full:https://registry.npmjs.org/y18n set size:76155 disposed:false
286 silly fetch manifest escalade@^3.1.1
287 silly packumentCache full:https://registry.npmjs.org/escalade cache-miss
288 http fetch GET 200 https://registry.npmjs.org/cliui 72ms (cache revalidated)
289 silly packumentCache full:https://registry.npmjs.org/cliui set size:69089 disposed:false
290 silly fetch manifest string-width@^4.2.3
291 silly packumentCache full:https://registry.npmjs.org/string-width cache-miss
292 http fetch GET 200 https://registry.npmjs.org/@types%2fnode 187ms (cache revalidated)
293 silly packumentCache full:https://registry.npmjs.org/@types%2fnode set size:10693501 disposed:false
294 silly fetch manifest yargs-parser@^21.1.1
295 silly packumentCache full:https://registry.npmjs.org/yargs-parser cache-miss
296 http fetch GET 200 https://registry.npmjs.org/escalade 336ms (cache revalidated)
297 silly packumentCache full:https://registry.npmjs.org/escalade set size:33724 disposed:false
298 silly fetch manifest get-caller-file@^2.0.5
299 silly packumentCache full:https://registry.npmjs.org/get-caller-file cache-miss
300 http fetch GET 200 https://registry.npmjs.org/get-caller-file 91ms (cache revalidated)
301 silly packumentCache full:https://registry.npmjs.org/get-caller-file set size:26456 disposed:false
302 silly fetch manifest require-directory@^2.1.1
303 silly packumentCache full:https://registry.npmjs.org/require-directory cache-miss
304 http fetch GET 200 https://registry.npmjs.org/string-width 386ms (cache revalidated)
305 silly packumentCache full:https://registry.npmjs.org/string-width set size:64158 disposed:false
306 http fetch GET 200 https://registry.npmjs.org/yargs-parser 115ms (cache revalidated)
307 silly packumentCache full:https://registry.npmjs.org/yargs-parser set size:238630 disposed:false
308 http fetch GET 200 https://registry.npmjs.org/require-directory 102ms (cache revalidated)
309 silly packumentCache full:https://registry.npmjs.org/require-directory set size:26866 disposed:false
310 silly placeDep ROOT follow-redirects@1.15.11 OK for: axios@1.13.2 want: ^1.15.6
311 silly placeDep ROOT form-data@4.0.5 OK for: axios@1.13.2 want: ^4.0.4
312 silly placeDep ROOT proxy-from-env@1.1.0 OK for: axios@1.13.2 want: ^1.1.0
313 silly fetch manifest asynckit@^0.4.0
314 silly packumentCache full:https://registry.npmjs.org/asynckit cache-miss
315 silly fetch manifest combined-stream@^1.0.8
316 silly packumentCache full:https://registry.npmjs.org/combined-stream cache-miss
317 silly fetch manifest es-set-tostringtag@^2.1.0
318 silly packumentCache full:https://registry.npmjs.org/es-set-tostringtag cache-miss
319 http fetch GET 200 https://registry.npmjs.org/es-set-tostringtag 114ms (cache miss)
320 silly packumentCache full:https://registry.npmjs.org/es-set-tostringtag set size:undefined disposed:false
321 silly fetch manifest hasown@^2.0.2
322 silly packumentCache full:https://registry.npmjs.org/hasown cache-miss
323 http fetch GET 200 https://registry.npmjs.org/hasown 121ms (cache revalidated)
324 silly packumentCache full:https://registry.npmjs.org/hasown set size:12476 disposed:false
325 silly fetch manifest mime-types@^2.1.12
326 silly packumentCache full:https://registry.npmjs.org/mime-types cache-miss
327 http cache https://registry.npmjs.org/mime-types 12ms (cache hit)
328 silly packumentCache full:https://registry.npmjs.org/mime-types set size:139110 disposed:false
329 http fetch GET 200 https://registry.npmjs.org/combined-stream 361ms (cache miss)
330 silly packumentCache full:https://registry.npmjs.org/combined-stream set size:undefined disposed:false
331 http fetch GET 200 https://registry.npmjs.org/asynckit 474ms (cache miss)
332 silly packumentCache full:https://registry.npmjs.org/asynckit set size:undefined disposed:false
333 silly placeDep ROOT object-assign@4.1.1 OK for: cors@2.8.5 want: ^4
334 silly placeDep ROOT vary@1.1.2 OK for: cors@2.8.5 want: ^1
335 silly placeDep ROOT accepts@2.0.0 OK for: express@5.1.0 want: ^2.0.0
336 silly placeDep ROOT body-parser@2.2.1 OK for: express@5.1.0 want: ^2.2.0
337 silly placeDep ROOT content-disposition@1.0.1 OK for: express@5.1.0 want: ^1.0.0
338 silly placeDep ROOT content-type@1.0.5 OK for: express@5.1.0 want: ^1.0.5
339 silly placeDep ROOT cookie@0.7.2 OK for: express@5.1.0 want: ^0.7.1
340 silly placeDep ROOT cookie-signature@1.2.2 OK for: express@5.1.0 want: ^1.2.1
341 silly placeDep ROOT debug@4.4.3 OK for: express@5.1.0 want: ^4.4.0
342 silly placeDep ROOT encodeurl@2.0.0 OK for: express@5.1.0 want: ^2.0.0
343 silly placeDep ROOT escape-html@1.0.3 OK for: express@5.1.0 want: ^1.0.3
344 silly placeDep ROOT etag@1.8.1 OK for: express@5.1.0 want: ^1.8.1
345 silly placeDep ROOT finalhandler@2.1.0 OK for: express@5.1.0 want: ^2.1.0
346 silly placeDep ROOT fresh@2.0.0 OK for: express@5.1.0 want: ^2.0.0
347 silly placeDep ROOT http-errors@2.0.1 OK for: express@5.1.0 want: ^2.0.0
348 silly placeDep ROOT merge-descriptors@2.0.0 OK for: express@5.1.0 want: ^2.0.0
349 silly placeDep ROOT mime-types@3.0.2 OK for: express@5.1.0 want: ^3.0.0
350 silly placeDep ROOT on-finished@2.4.1 OK for: express@5.1.0 want: ^2.4.1
351 silly placeDep ROOT once@1.4.0 OK for: express@5.1.0 want: ^1.4.0
352 silly placeDep ROOT parseurl@1.3.3 OK for: express@5.1.0 want: ^1.3.3
353 silly placeDep ROOT proxy-addr@2.0.7 OK for: express@5.1.0 want: ^2.0.7
354 silly placeDep ROOT qs@6.14.0 OK for: express@5.1.0 want: ^6.14.0
355 silly placeDep ROOT range-parser@1.2.1 OK for: express@5.1.0 want: ^1.2.1
356 silly placeDep ROOT router@2.2.0 OK for: express@5.1.0 want: ^2.2.0
357 silly placeDep ROOT send@1.2.0 OK for: express@5.1.0 want: ^1.1.0
358 silly placeDep ROOT serve-static@2.2.0 OK for: express@5.1.0 want: ^2.2.0
359 silly placeDep ROOT statuses@2.0.2 OK for: express@5.1.0 want: ^2.0.1
360 silly placeDep ROOT type-is@2.0.1 OK for: express@5.1.0 want: ^2.0.1
361 silly fetch manifest negotiator@^1.0.0
362 silly packumentCache full:https://registry.npmjs.org/negotiator cache-miss
363 silly fetch manifest bytes@^3.1.2
364 silly packumentCache full:https://registry.npmjs.org/bytes cache-miss
365 silly fetch manifest debug@^4.4.3
366 silly packumentCache full:https://registry.npmjs.org/debug cache-hit
367 silly fetch manifest iconv-lite@^0.7.0
368 silly packumentCache full:https://registry.npmjs.org/iconv-lite cache-miss
369 http fetch GET 200 https://registry.npmjs.org/negotiator 147ms (cache miss)
370 silly packumentCache full:https://registry.npmjs.org/negotiator set size:undefined disposed:false
371 silly fetch manifest raw-body@^3.0.1
372 silly packumentCache full:https://registry.npmjs.org/raw-body cache-miss
373 http fetch GET 200 https://registry.npmjs.org/iconv-lite 152ms (cache revalidated)
374 silly packumentCache full:https://registry.npmjs.org/iconv-lite set size:118890 disposed:false
375 silly fetch manifest ms@^2.1.3
376 silly packumentCache full:https://registry.npmjs.org/ms cache-hit
377 silly fetch manifest depd@~2.0.0
378 silly packumentCache full:https://registry.npmjs.org/depd cache-miss
379 http fetch GET 200 https://registry.npmjs.org/bytes 424ms (cache miss)
380 silly packumentCache full:https://registry.npmjs.org/bytes set size:undefined disposed:false
381 silly fetch manifest inherits@~2.0.4
382 silly packumentCache full:https://registry.npmjs.org/inherits cache-miss
383 http fetch GET 200 https://registry.npmjs.org/inherits 161ms (cache miss)
384 silly packumentCache full:https://registry.npmjs.org/inherits set size:undefined disposed:false
385 silly fetch manifest setprototypeof@~1.2.0
386 silly packumentCache full:https://registry.npmjs.org/setprototypeof cache-miss
387 http fetch GET 200 https://registry.npmjs.org/setprototypeof 267ms (cache miss)
388 silly packumentCache full:https://registry.npmjs.org/setprototypeof set size:undefined disposed:false
389 silly fetch manifest statuses@~2.0.2
390 silly packumentCache full:https://registry.npmjs.org/statuses cache-miss
391 http cache https://registry.npmjs.org/statuses 12ms (cache hit)
392 silly packumentCache full:https://registry.npmjs.org/statuses set size:37117 disposed:false
393 silly fetch manifest toidentifier@~1.0.1
394 silly packumentCache full:https://registry.npmjs.org/toidentifier cache-miss
395 http fetch GET 200 https://registry.npmjs.org/raw-body 785ms (cache miss)
396 silly packumentCache full:https://registry.npmjs.org/raw-body set size:undefined disposed:false
397 silly fetch manifest mime-db@^1.54.0
398 silly packumentCache full:https://registry.npmjs.org/mime-db cache-miss
399 http fetch GET 200 https://registry.npmjs.org/toidentifier 161ms (cache miss)
400 silly packumentCache full:https://registry.npmjs.org/toidentifier set size:undefined disposed:false
401 silly fetch manifest ee-first@1.1.1
402 silly packumentCache full:https://registry.npmjs.org/ee-first cache-miss
403 http fetch GET 200 https://registry.npmjs.org/ee-first 110ms (cache miss)
404 silly packumentCache full:https://registry.npmjs.org/ee-first set size:undefined disposed:false
405 silly fetch manifest wrappy@1
406 silly packumentCache full:https://registry.npmjs.org/wrappy cache-miss
407 http fetch GET 200 https://registry.npmjs.org/wrappy 118ms (cache miss)
408 silly packumentCache full:https://registry.npmjs.org/wrappy set size:undefined disposed:false
409 silly fetch manifest forwarded@0.2.0
410 silly packumentCache full:https://registry.npmjs.org/forwarded cache-miss
411 http fetch GET 200 https://registry.npmjs.org/depd 1117ms (cache miss)
412 silly packumentCache full:https://registry.npmjs.org/depd set size:undefined disposed:false
413 silly fetch manifest ipaddr.js@1.9.1
414 silly packumentCache full:https://registry.npmjs.org/ipaddr.js cache-miss
415 http fetch GET 200 https://registry.npmjs.org/mime-db 345ms (cache miss)
416 silly packumentCache full:https://registry.npmjs.org/mime-db set size:undefined disposed:false
417 silly fetch manifest side-channel@^1.1.0
418 silly packumentCache full:https://registry.npmjs.org/side-channel cache-miss
419 http fetch GET 200 https://registry.npmjs.org/side-channel 93ms (cache revalidated)
420 silly packumentCache full:https://registry.npmjs.org/side-channel set size:24660 disposed:false
421 silly fetch manifest depd@^2.0.0
422 silly packumentCache full:https://registry.npmjs.org/depd cache-miss
423 http cache https://registry.npmjs.org/depd 19ms (cache hit)
424 silly packumentCache full:https://registry.npmjs.org/depd set size:40182 disposed:false
425 silly fetch manifest is-promise@^4.0.0
426 silly packumentCache full:https://registry.npmjs.org/is-promise cache-miss
427 http fetch GET 200 https://registry.npmjs.org/forwarded 145ms (cache miss)
428 silly packumentCache full:https://registry.npmjs.org/forwarded set size:undefined disposed:false
429 silly fetch manifest path-to-regexp@^8.0.0
430 silly packumentCache full:https://registry.npmjs.org/path-to-regexp cache-miss
431 http fetch GET 200 https://registry.npmjs.org/ipaddr.js 596ms (cache miss)
432 silly packumentCache full:https://registry.npmjs.org/ipaddr.js set size:undefined disposed:false
433 silly fetch manifest media-typer@^1.1.0
434 silly packumentCache full:https://registry.npmjs.org/media-typer cache-miss
435 http fetch GET 200 https://registry.npmjs.org/path-to-regexp 519ms (cache miss)
436 silly packumentCache full:https://registry.npmjs.org/path-to-regexp set size:undefined disposed:false
437 http fetch GET 200 https://registry.npmjs.org/media-typer 72ms (cache miss)
438 silly packumentCache full:https://registry.npmjs.org/media-typer set size:undefined disposed:false
439 http fetch GET 200 https://registry.npmjs.org/is-promise 559ms (cache miss)
440 silly packumentCache full:https://registry.npmjs.org/is-promise set size:undefined disposed:false
441 silly placeDep ROOT negotiator@1.0.0 OK for: accepts@2.0.0 want: ^1.0.0
442 silly placeDep ROOT bytes@3.1.2 OK for: body-parser@2.2.1 want: ^3.1.2
443 silly placeDep ROOT iconv-lite@0.7.0 OK for: body-parser@2.2.1 want: ^0.7.0
444 silly placeDep ROOT raw-body@3.0.2 OK for: body-parser@2.2.1 want: ^3.0.1
445 silly fetch manifest safer-buffer@>= 2.1.2 < 3.0.0
446 silly packumentCache full:https://registry.npmjs.org/safer-buffer cache-miss
447 silly fetch manifest unpipe@~1.0.0
448 silly packumentCache full:https://registry.npmjs.org/unpipe cache-miss
449 http fetch GET 200 https://registry.npmjs.org/safer-buffer 88ms (cache revalidated)
450 silly packumentCache full:https://registry.npmjs.org/safer-buffer set size:18521 disposed:false
451 http fetch GET 200 https://registry.npmjs.org/unpipe 118ms (cache miss)
452 silly packumentCache full:https://registry.npmjs.org/unpipe set size:undefined disposed:false
453 silly placeDep ROOT ms@2.1.3 OK for: debug@4.4.3 want: ^2.1.3
454 silly placeDep ROOT asynckit@0.4.0 OK for: form-data@4.0.5 want: ^0.4.0
455 silly placeDep ROOT combined-stream@1.0.8 OK for: form-data@4.0.5 want: ^1.0.8
456 silly placeDep ROOT es-set-tostringtag@2.1.0 OK for: form-data@4.0.5 want: ^2.1.0
457 silly placeDep ROOT hasown@2.0.2 OK for: form-data@4.0.5 want: ^2.0.2
458 silly placeDep node_modules/form-data mime-types@2.1.35 OK for: form-data@4.0.5 want: ^2.1.12
459 silly fetch manifest delayed-stream@~1.0.0
460 silly packumentCache full:https://registry.npmjs.org/delayed-stream cache-miss
461 silly fetch manifest es-errors@^1.3.0
462 silly packumentCache full:https://registry.npmjs.org/es-errors cache-miss
463 silly fetch manifest get-intrinsic@^1.2.6
464 silly packumentCache full:https://registry.npmjs.org/get-intrinsic cache-miss
465 http fetch GET 200 https://registry.npmjs.org/get-intrinsic 93ms (cache revalidated)
466 silly packumentCache full:https://registry.npmjs.org/get-intrinsic set size:60985 disposed:false
467 silly fetch manifest has-tostringtag@^1.0.2
468 silly packumentCache full:https://registry.npmjs.org/has-tostringtag cache-miss
469 http fetch GET 200 https://registry.npmjs.org/es-errors 107ms (cache revalidated)
470 silly packumentCache full:https://registry.npmjs.org/es-errors set size:16918 disposed:false
471 silly fetch manifest function-bind@^1.1.2
472 silly packumentCache full:https://registry.npmjs.org/function-bind cache-miss
473 http fetch GET 200 https://registry.npmjs.org/has-tostringtag 176ms (cache miss)
474 silly packumentCache full:https://registry.npmjs.org/has-tostringtag set size:undefined disposed:false
475 silly fetch manifest mime-db@1.52.0
476 silly packumentCache full:https://registry.npmjs.org/mime-db cache-miss
477 http cache https://registry.npmjs.org/mime-db 15ms (cache hit)
478 silly packumentCache full:https://registry.npmjs.org/mime-db set size:164953 disposed:false
479 http fetch GET 200 https://registry.npmjs.org/function-bind 186ms (cache revalidated)
480 silly packumentCache full:https://registry.npmjs.org/function-bind set size:15733 disposed:false
481 http fetch GET 200 https://registry.npmjs.org/delayed-stream 558ms (cache miss)
482 silly packumentCache full:https://registry.npmjs.org/delayed-stream set size:undefined disposed:false
483 silly placeDep ROOT delayed-stream@1.0.0 OK for: combined-stream@1.0.8 want: ~1.0.0
484 silly placeDep ROOT es-errors@1.3.0 OK for: es-set-tostringtag@2.1.0 want: ^1.3.0
485 silly placeDep ROOT get-intrinsic@1.3.0 OK for: es-set-tostringtag@2.1.0 want: ^1.2.6
486 silly placeDep ROOT has-tostringtag@1.0.2 OK for: es-set-tostringtag@2.1.0 want: ^1.0.2
487 silly fetch manifest gopd@^1.2.0
488 silly packumentCache full:https://registry.npmjs.org/gopd cache-miss
489 silly fetch manifest get-proto@^1.0.1
490 silly packumentCache full:https://registry.npmjs.org/get-proto cache-miss
491 silly fetch manifest has-symbols@^1.1.0
492 silly packumentCache full:https://registry.npmjs.org/has-symbols cache-miss
493 http fetch GET 200 https://registry.npmjs.org/get-proto 104ms (cache revalidated)
494 silly packumentCache full:https://registry.npmjs.org/get-proto set size:8300 disposed:false
495 silly fetch manifest es-object-atoms@^1.1.1
496 silly packumentCache full:https://registry.npmjs.org/es-object-atoms cache-miss
497 http fetch GET 200 https://registry.npmjs.org/has-symbols 107ms (cache revalidated)
498 silly packumentCache full:https://registry.npmjs.org/has-symbols set size:21550 disposed:false
499 silly fetch manifest math-intrinsics@^1.1.0
500 silly packumentCache full:https://registry.npmjs.org/math-intrinsics cache-miss
501 http fetch GET 200 https://registry.npmjs.org/gopd 109ms (cache revalidated)
502 silly packumentCache full:https://registry.npmjs.org/gopd set size:11458 disposed:false
503 silly fetch manifest es-define-property@^1.0.1
504 silly packumentCache full:https://registry.npmjs.org/es-define-property cache-miss
505 http fetch GET 200 https://registry.npmjs.org/es-define-property 87ms (cache revalidated)
506 silly packumentCache full:https://registry.npmjs.org/es-define-property set size:8542 disposed:false
507 silly fetch manifest call-bind-apply-helpers@^1.0.2
508 silly packumentCache full:https://registry.npmjs.org/call-bind-apply-helpers cache-miss
509 http fetch GET 200 https://registry.npmjs.org/math-intrinsics 100ms (cache revalidated)
510 silly packumentCache full:https://registry.npmjs.org/math-intrinsics set size:9265 disposed:false
511 silly fetch manifest has-symbols@^1.0.3
512 silly packumentCache full:https://registry.npmjs.org/has-symbols cache-hit
513 http fetch GET 200 https://registry.npmjs.org/es-object-atoms 115ms (cache revalidated)
514 silly packumentCache full:https://registry.npmjs.org/es-object-atoms set size:15304 disposed:false
515 http fetch GET 200 https://registry.npmjs.org/call-bind-apply-helpers 91ms (cache revalidated)
516 silly packumentCache full:https://registry.npmjs.org/call-bind-apply-helpers set size:12744 disposed:false
517 silly placeDep ROOT call-bind-apply-helpers@1.0.2 OK for: get-intrinsic@1.3.0 want: ^1.0.2
518 silly placeDep ROOT es-define-property@1.0.1 OK for: get-intrinsic@1.3.0 want: ^1.0.1
519 silly placeDep ROOT es-object-atoms@1.1.1 OK for: get-intrinsic@1.3.0 want: ^1.1.1
520 silly placeDep ROOT function-bind@1.1.2 OK for: get-intrinsic@1.3.0 want: ^1.1.2
521 silly placeDep ROOT get-proto@1.0.1 OK for: get-intrinsic@1.3.0 want: ^1.0.1
522 silly placeDep ROOT gopd@1.2.0 OK for: get-intrinsic@1.3.0 want: ^1.2.0
523 silly placeDep ROOT has-symbols@1.1.0 OK for: get-intrinsic@1.3.0 want: ^1.1.0
524 silly placeDep ROOT math-intrinsics@1.1.0 OK for: get-intrinsic@1.3.0 want: ^1.1.0
525 silly fetch manifest dunder-proto@^1.0.1
526 silly packumentCache full:https://registry.npmjs.org/dunder-proto cache-miss
527 http fetch GET 200 https://registry.npmjs.org/dunder-proto 84ms (cache revalidated)
528 silly packumentCache full:https://registry.npmjs.org/dunder-proto set size:8256 disposed:false
529 silly placeDep ROOT dunder-proto@1.0.1 OK for: get-proto@1.0.1 want: ^1.0.1
530 silly placeDep ROOT depd@2.0.0 OK for: http-errors@2.0.1 want: ~2.0.0
531 silly placeDep ROOT inherits@2.0.4 OK for: http-errors@2.0.1 want: ~2.0.4
532 silly placeDep ROOT setprototypeof@1.2.0 OK for: http-errors@2.0.1 want: ~1.2.0
533 silly placeDep ROOT toidentifier@1.0.1 OK for: http-errors@2.0.1 want: ~1.0.1
534 silly placeDep ROOT safer-buffer@2.1.2 OK for: iconv-lite@0.7.0 want: >= 2.1.2 < 3.0.0
535 silly placeDep ROOT jws@3.2.2 OK for: jsonwebtoken@9.0.2 want: ^3.2.2
536 silly placeDep ROOT lodash.includes@4.3.0 OK for: jsonwebtoken@9.0.2 want: ^4.3.0
537 silly placeDep ROOT lodash.isboolean@3.0.3 OK for: jsonwebtoken@9.0.2 want: ^3.0.3
538 silly placeDep ROOT lodash.isinteger@4.0.4 OK for: jsonwebtoken@9.0.2 want: ^4.0.4
539 silly placeDep ROOT lodash.isnumber@3.0.3 OK for: jsonwebtoken@9.0.2 want: ^3.0.3
540 silly placeDep ROOT lodash.isplainobject@4.0.6 OK for: jsonwebtoken@9.0.2 want: ^4.0.6
541 silly placeDep ROOT lodash.isstring@4.0.1 OK for: jsonwebtoken@9.0.2 want: ^4.0.1
542 silly placeDep ROOT lodash.once@4.1.1 OK for: jsonwebtoken@9.0.2 want: ^4.0.0
543 silly placeDep ROOT semver@7.7.3 OK for: jsonwebtoken@9.0.2 want: ^7.5.4
544 silly fetch manifest jwa@^1.4.1
545 silly packumentCache full:https://registry.npmjs.org/jwa cache-miss
546 silly fetch manifest safe-buffer@^5.0.1
547 silly packumentCache full:https://registry.npmjs.org/safe-buffer cache-miss
548 http fetch GET 200 https://registry.npmjs.org/safe-buffer 84ms (cache revalidated)
549 silly packumentCache full:https://registry.npmjs.org/safe-buffer set size:41183 disposed:false
550 http fetch GET 200 https://registry.npmjs.org/jwa 217ms (cache miss)
551 silly packumentCache full:https://registry.npmjs.org/jwa set size:undefined disposed:false
552 silly placeDep ROOT jwa@1.4.2 OK for: jws@3.2.2 want: ^1.4.1
553 silly placeDep ROOT safe-buffer@5.2.1 OK for: jws@3.2.2 want: ^5.0.1
554 silly fetch manifest ecdsa-sig-formatter@1.0.11
555 silly packumentCache full:https://registry.npmjs.org/ecdsa-sig-formatter cache-miss
556 silly fetch manifest buffer-equal-constant-time@^1.0.1
557 silly packumentCache full:https://registry.npmjs.org/buffer-equal-constant-time cache-miss
558 http fetch GET 200 https://registry.npmjs.org/buffer-equal-constant-time 89ms (cache miss)
559 silly packumentCache full:https://registry.npmjs.org/buffer-equal-constant-time set size:undefined disposed:false
560 http fetch GET 200 https://registry.npmjs.org/ecdsa-sig-formatter 553ms (cache miss)
561 silly packumentCache full:https://registry.npmjs.org/ecdsa-sig-formatter set size:undefined disposed:false
562 silly placeDep ROOT buffer-equal-constant-time@1.0.1 OK for: jwa@1.4.2 want: ^1.0.1
563 silly placeDep ROOT ecdsa-sig-formatter@1.0.11 OK for: jwa@1.4.2 want: 1.0.11
564 silly placeDep ROOT mime-db@1.54.0 OK for: mime-types@3.0.2 want: ^1.54.0
565 silly placeDep ROOT ee-first@1.1.1 OK for: on-finished@2.4.1 want: 1.1.1
566 silly placeDep ROOT wrappy@1.0.2 OK for: once@1.4.0 want: 1
567 silly placeDep ROOT @protobufjs/aspromise@1.1.2 OK for: protobufjs@7.5.4 want: ^1.1.2
568 silly placeDep ROOT @protobufjs/base64@1.1.2 OK for: protobufjs@7.5.4 want: ^1.1.2
569 silly placeDep ROOT @protobufjs/codegen@2.0.4 OK for: protobufjs@7.5.4 want: ^2.0.4
570 silly placeDep ROOT @protobufjs/eventemitter@1.1.0 OK for: protobufjs@7.5.4 want: ^1.1.0
571 silly placeDep ROOT @protobufjs/fetch@1.1.0 OK for: protobufjs@7.5.4 want: ^1.1.0
572 silly placeDep ROOT @protobufjs/float@1.0.2 OK for: protobufjs@7.5.4 want: ^1.0.2
573 silly placeDep ROOT @protobufjs/inquire@1.1.0 OK for: protobufjs@7.5.4 want: ^1.1.0
574 silly placeDep ROOT @protobufjs/path@1.1.2 OK for: protobufjs@7.5.4 want: ^1.1.2
575 silly placeDep ROOT @protobufjs/pool@1.1.0 OK for: protobufjs@7.5.4 want: ^1.1.0
576 silly placeDep ROOT @protobufjs/utf8@1.1.0 OK for: protobufjs@7.5.4 want: ^1.1.0
577 silly placeDep ROOT @types/node@24.10.1 OK for: protobufjs@7.5.4 want: >=13.7.0
578 silly fetch manifest undici-types@~7.16.0
579 silly packumentCache full:https://registry.npmjs.org/undici-types cache-miss
580 http fetch GET 200 https://registry.npmjs.org/undici-types 90ms (cache revalidated)
581 silly packumentCache full:https://registry.npmjs.org/undici-types set size:148959 disposed:false
582 silly placeDep ROOT undici-types@7.16.0 OK for: @types/node@24.10.1 want: ~7.16.0
583 silly placeDep ROOT forwarded@0.2.0 OK for: proxy-addr@2.0.7 want: 0.2.0
584 silly placeDep ROOT ipaddr.js@1.9.1 OK for: proxy-addr@2.0.7 want: 1.9.1
585 silly placeDep ROOT side-channel@1.1.0 OK for: qs@6.14.0 want: ^1.1.0
586 silly fetch manifest object-inspect@^1.13.3
587 silly packumentCache full:https://registry.npmjs.org/object-inspect cache-miss
588 silly fetch manifest side-channel-list@^1.0.0
589 silly packumentCache full:https://registry.npmjs.org/side-channel-list cache-miss
590 silly fetch manifest side-channel-map@^1.0.1
591 silly packumentCache full:https://registry.npmjs.org/side-channel-map cache-miss
592 http fetch GET 200 https://registry.npmjs.org/side-channel-list 101ms (cache revalidated)
593 silly packumentCache full:https://registry.npmjs.org/side-channel-list set size:6005 disposed:false
594 silly fetch manifest side-channel-weakmap@^1.0.2
595 silly packumentCache full:https://registry.npmjs.org/side-channel-weakmap cache-miss
596 http fetch GET 200 https://registry.npmjs.org/object-inspect 115ms (cache revalidated)
597 silly packumentCache full:https://registry.npmjs.org/object-inspect set size:101912 disposed:false
598 http fetch GET 200 https://registry.npmjs.org/side-channel-map 124ms (cache revalidated)
599 silly packumentCache full:https://registry.npmjs.org/side-channel-map set size:9126 disposed:false
600 http fetch GET 200 https://registry.npmjs.org/side-channel-weakmap 106ms (cache revalidated)
601 silly packumentCache full:https://registry.npmjs.org/side-channel-weakmap set size:12620 disposed:false
602 silly placeDep ROOT unpipe@1.0.0 OK for: raw-body@3.0.2 want: ~1.0.0
603 silly placeDep ROOT is-promise@4.0.0 OK for: router@2.2.0 want: ^4.0.0
604 silly placeDep ROOT path-to-regexp@8.3.0 OK for: router@2.2.0 want: ^8.0.0
605 silly placeDep ROOT object-inspect@1.13.4 OK for: side-channel@1.1.0 want: ^1.13.3
606 silly placeDep ROOT side-channel-list@1.0.0 OK for: side-channel@1.1.0 want: ^1.0.0
607 silly placeDep ROOT side-channel-map@1.0.1 OK for: side-channel@1.1.0 want: ^1.0.1
608 silly placeDep ROOT side-channel-weakmap@1.0.2 OK for: side-channel@1.1.0 want: ^1.0.2
609 silly fetch manifest call-bound@^1.0.2
610 silly packumentCache full:https://registry.npmjs.org/call-bound cache-miss
611 silly fetch manifest call-bound@^1.0.2
612 silly packumentCache full:https://registry.npmjs.org/call-bound cache-miss
613 http fetch GET 200 https://registry.npmjs.org/call-bound 116ms (cache revalidated)
614 silly packumentCache full:https://registry.npmjs.org/call-bound set size:15317 disposed:false
615 http fetch GET 200 https://registry.npmjs.org/call-bound 196ms (cache revalidated)
616 silly packumentCache full:https://registry.npmjs.org/call-bound set size:15317 disposed:false
617 silly packumentCache full:https://registry.npmjs.org/call-bound dispose
618 silly placeDep ROOT call-bound@1.0.4 OK for: side-channel-map@1.0.1 want: ^1.0.2
619 silly placeDep ROOT media-typer@1.1.0 OK for: type-is@2.0.1 want: ^1.1.0
620 silly placeDep ROOT cliui@8.0.1 OK for: yargs@17.7.2 want: ^8.0.1
621 silly placeDep ROOT escalade@3.2.0 OK for: yargs@17.7.2 want: ^3.1.1
622 silly placeDep ROOT get-caller-file@2.0.5 OK for: yargs@17.7.2 want: ^2.0.5
623 silly placeDep ROOT require-directory@2.1.1 OK for: yargs@17.7.2 want: ^2.1.1
624 silly placeDep ROOT string-width@4.2.3 OK for: yargs@17.7.2 want: ^4.2.3
625 silly placeDep ROOT y18n@5.0.8 OK for: yargs@17.7.2 want: ^5.0.5
626 silly placeDep ROOT yargs-parser@21.1.1 OK for: yargs@17.7.2 want: ^21.1.1
627 silly fetch manifest wrap-ansi@^7.0.0
628 silly packumentCache full:https://registry.npmjs.org/wrap-ansi cache-miss
629 silly fetch manifest strip-ansi@^6.0.1
630 silly packumentCache full:https://registry.npmjs.org/strip-ansi cache-miss
631 silly fetch manifest string-width@^4.2.0
632 silly packumentCache full:https://registry.npmjs.org/string-width cache-hit
633 silly fetch manifest strip-ansi@^6.0.1
634 silly packumentCache full:https://registry.npmjs.org/strip-ansi cache-miss
635 http fetch GET 200 https://registry.npmjs.org/strip-ansi 77ms (cache revalidated)
636 silly packumentCache full:https://registry.npmjs.org/strip-ansi set size:41855 disposed:false
637 silly fetch manifest emoji-regex@^8.0.0
638 silly packumentCache full:https://registry.npmjs.org/emoji-regex cache-miss
639 http fetch GET 200 https://registry.npmjs.org/strip-ansi 89ms (cache revalidated)
640 silly packumentCache full:https://registry.npmjs.org/strip-ansi set size:41855 disposed:false
641 silly packumentCache full:https://registry.npmjs.org/strip-ansi dispose
642 silly fetch manifest is-fullwidth-code-point@^3.0.0
643 silly packumentCache full:https://registry.npmjs.org/is-fullwidth-code-point cache-miss
644 http fetch GET 200 https://registry.npmjs.org/wrap-ansi 97ms (cache revalidated)
645 silly packumentCache full:https://registry.npmjs.org/wrap-ansi set size:51195 disposed:false
646 http fetch GET 200 https://registry.npmjs.org/emoji-regex 87ms (cache revalidated)
647 silly packumentCache full:https://registry.npmjs.org/emoji-regex set size:89088 disposed:false
648 http fetch GET 200 https://registry.npmjs.org/is-fullwidth-code-point 79ms (cache revalidated)
649 silly packumentCache full:https://registry.npmjs.org/is-fullwidth-code-point set size:14578 disposed:false
650 silly placeDep ROOT strip-ansi@6.0.1 OK for: cliui@8.0.1 want: ^6.0.1
651 silly placeDep ROOT wrap-ansi@7.0.0 OK for: cliui@8.0.1 want: ^7.0.0
652 silly fetch manifest ansi-regex@^5.0.1
653 silly packumentCache full:https://registry.npmjs.org/ansi-regex cache-miss
654 silly fetch manifest ansi-styles@^4.0.0
655 silly packumentCache full:https://registry.npmjs.org/ansi-styles cache-miss
656 http fetch GET 200 https://registry.npmjs.org/ansi-styles 94ms (cache revalidated)
657 silly packumentCache full:https://registry.npmjs.org/ansi-styles set size:63233 disposed:false
658 http fetch GET 200 https://registry.npmjs.org/ansi-regex 100ms (cache revalidated)
659 silly packumentCache full:https://registry.npmjs.org/ansi-regex set size:43572 disposed:false
660 silly placeDep ROOT emoji-regex@8.0.0 OK for: string-width@4.2.3 want: ^8.0.0
661 silly placeDep ROOT is-fullwidth-code-point@3.0.0 OK for: string-width@4.2.3 want: ^3.0.0
662 silly placeDep ROOT ansi-regex@5.0.1 OK for: strip-ansi@6.0.1 want: ^5.0.1
663 silly placeDep ROOT ansi-styles@4.3.0 OK for: wrap-ansi@7.0.0 want: ^4.0.0
664 silly fetch manifest color-convert@^2.0.1
665 silly packumentCache full:https://registry.npmjs.org/color-convert cache-miss
666 http fetch GET 200 https://registry.npmjs.org/color-convert 92ms (cache revalidated)
667 silly packumentCache full:https://registry.npmjs.org/color-convert set size:72663 disposed:false
668 silly placeDep ROOT color-convert@2.0.1 OK for: ansi-styles@4.3.0 want: ^2.0.1
669 silly fetch manifest color-name@~1.1.4
670 silly packumentCache full:https://registry.npmjs.org/color-name cache-miss
671 http fetch GET 200 https://registry.npmjs.org/color-name 142ms (cache revalidated)
672 silly packumentCache full:https://registry.npmjs.org/color-name set size:19467 disposed:false
673 silly placeDep ROOT color-name@1.1.4 OK for: color-convert@2.0.1 want: ~1.1.4
674 silly placeDep node_modules/form-data mime-db@1.52.0 OK for: mime-types@2.1.35 want: 1.52.0
675 silly reify moves {}
676 silly audit bulk request {
676 silly audit   '@grpc/grpc-js': [ '1.14.1' ],
676 silly audit   '@grpc/proto-loader': [ '0.8.0' ],
676 silly audit   axios: [ '1.13.2' ],
676 silly audit   cors: [ '2.8.5' ],
676 silly audit   express: [ '5.1.0' ],
676 silly audit   jsonwebtoken: [ '9.0.2' ],
676 silly audit   '@js-sdsl/ordered-map': [ '4.4.2' ],
676 silly audit   'lodash.camelcase': [ '4.3.0' ],
676 silly audit   long: [ '5.3.2' ],
676 silly audit   protobufjs: [ '7.5.4' ],
676 silly audit   yargs: [ '17.7.2' ],
676 silly audit   'follow-redirects': [ '1.15.11' ],
676 silly audit   'form-data': [ '4.0.5' ],
676 silly audit   'proxy-from-env': [ '1.1.0' ],
676 silly audit   'object-assign': [ '4.1.1' ],
676 silly audit   vary: [ '1.1.2' ],
676 silly audit   accepts: [ '2.0.0' ],
676 silly audit   'body-parser': [ '2.2.1' ],
676 silly audit   'content-disposition': [ '1.0.1' ],
676 silly audit   'content-type': [ '1.0.5' ],
676 silly audit   cookie: [ '0.7.2' ],
676 silly audit   'cookie-signature': [ '1.2.2' ],
676 silly audit   debug: [ '4.4.3' ],
676 silly audit   encodeurl: [ '2.0.0' ],
676 silly audit   'escape-html': [ '1.0.3' ],
676 silly audit   etag: [ '1.8.1' ],
676 silly audit   finalhandler: [ '2.1.0' ],
676 silly audit   fresh: [ '2.0.0' ],
676 silly audit   'http-errors': [ '2.0.1' ],
676 silly audit   'merge-descriptors': [ '2.0.0' ],
676 silly audit   'mime-types': [ '3.0.2', '2.1.35' ],
676 silly audit   'on-finished': [ '2.4.1' ],
676 silly audit   once: [ '1.4.0' ],
676 silly audit   parseurl: [ '1.3.3' ],
676 silly audit   'proxy-addr': [ '2.0.7' ],
676 silly audit   qs: [ '6.14.0' ],
676 silly audit   'range-parser': [ '1.2.1' ],
676 silly audit   router: [ '2.2.0' ],
676 silly audit   send: [ '1.2.0' ],
676 silly audit   'serve-static': [ '2.2.0' ],
676 silly audit   statuses: [ '2.0.2' ],
676 silly audit   'type-is': [ '2.0.1' ],
676 silly audit   negotiator: [ '1.0.0' ],
676 silly audit   bytes: [ '3.1.2' ],
676 silly audit   'iconv-lite': [ '0.7.0' ],
676 silly audit   'raw-body': [ '3.0.2' ],
676 silly audit   ms: [ '2.1.3' ],
676 silly audit   asynckit: [ '0.4.0' ],
676 silly audit   'combined-stream': [ '1.0.8' ],
676 silly audit   'es-set-tostringtag': [ '2.1.0' ],
676 silly audit   hasown: [ '2.0.2' ],
676 silly audit   'delayed-stream': [ '1.0.0' ],
676 silly audit   'es-errors': [ '1.3.0' ],
676 silly audit   'get-intrinsic': [ '1.3.0' ],
676 silly audit   'has-tostringtag': [ '1.0.2' ],
676 silly audit   'call-bind-apply-helpers': [ '1.0.2' ],
676 silly audit   'es-define-property': [ '1.0.1' ],
676 silly audit   'es-object-atoms': [ '1.1.1' ],
676 silly audit   'function-bind': [ '1.1.2' ],
676 silly audit   'get-proto': [ '1.0.1' ],
676 silly audit   gopd: [ '1.2.0' ],
676 silly audit   'has-symbols': [ '1.1.0' ],
676 silly audit   'math-intrinsics': [ '1.1.0' ],
676 silly audit   'dunder-proto': [ '1.0.1' ],
676 silly audit   depd: [ '2.0.0' ],
676 silly audit   inherits: [ '2.0.4' ],
676 silly audit   setprototypeof: [ '1.2.0' ],
676 silly audit   toidentifier: [ '1.0.1' ],
676 silly audit   'safer-buffer': [ '2.1.2' ],
676 silly audit   jws: [ '3.2.2' ],
676 silly audit   'lodash.includes': [ '4.3.0' ],
676 silly audit   'lodash.isboolean': [ '3.0.3' ],
676 silly audit   'lodash.isinteger': [ '4.0.4' ],
676 silly audit   'lodash.isnumber': [ '3.0.3' ],
676 silly audit   'lodash.isplainobject': [ '4.0.6' ],
676 silly audit   'lodash.isstring': [ '4.0.1' ],
676 silly audit   'lodash.once': [ '4.1.1' ],
676 silly audit   semver: [ '7.7.3' ],
676 silly audit   jwa: [ '1.4.2' ],
676 silly audit   'safe-buffer': [ '5.2.1' ],
676 silly audit   'buffer-equal-constant-time': [ '1.0.1' ],
676 silly audit   'ecdsa-sig-formatter': [ '1.0.11' ],
676 silly audit   'mime-db': [ '1.54.0', '1.52.0' ],
676 silly audit   'ee-first': [ '1.1.1' ],
676 silly audit   wrappy: [ '1.0.2' ],
676 silly audit   '@protobufjs/aspromise': [ '1.1.2' ],
676 silly audit   '@protobufjs/base64': [ '1.1.2' ],
676 silly audit   '@protobufjs/codegen': [ '2.0.4' ],
676 silly audit   '@protobufjs/eventemitter': [ '1.1.0' ],
676 silly audit   '@protobufjs/fetch': [ '1.1.0' ],
676 silly audit   '@protobufjs/float': [ '1.0.2' ],
676 silly audit   '@protobufjs/inquire': [ '1.1.0' ],
676 silly audit   '@protobufjs/path': [ '1.1.2' ],
676 silly audit   '@protobufjs/pool': [ '1.1.0' ],
676 silly audit   '@protobufjs/utf8': [ '1.1.0' ],
676 silly audit   '@types/node': [ '24.10.1' ],
676 silly audit   'undici-types': [ '7.16.0' ],
676 silly audit   forwarded: [ '0.2.0' ],
676 silly audit   'ipaddr.js': [ '1.9.1' ],
676 silly audit   'side-channel': [ '1.1.0' ],
676 silly audit   unpipe: [ '1.0.0' ],
676 silly audit   'is-promise': [ '4.0.0' ],
676 silly audit   'path-to-regexp': [ '8.3.0' ],
676 silly audit   'object-inspect': [ '1.13.4' ],
676 silly audit   'side-channel-list': [ '1.0.0' ],
676 silly audit   'side-channel-map': [ '1.0.1' ],
676 silly audit   'side-channel-weakmap': [ '1.0.2' ],
676 silly audit   'call-bound': [ '1.0.4' ],
676 silly audit   'media-typer': [ '1.1.0' ],
676 silly audit   cliui: [ '8.0.1' ],
676 silly audit   escalade: [ '3.2.0' ],
676 silly audit   'get-caller-file': [ '2.0.5' ],
676 silly audit   'require-directory': [ '2.1.1' ],
676 silly audit   'string-width': [ '4.2.3' ],
676 silly audit   y18n: [ '5.0.8' ],
676 silly audit   'yargs-parser': [ '21.1.1' ],
676 silly audit   'strip-ansi': [ '6.0.1' ],
676 silly audit   'wrap-ansi': [ '7.0.0' ],
676 silly audit   'emoji-regex': [ '8.0.0' ],
676 silly audit   'is-fullwidth-code-point': [ '3.0.0' ],
676 silly audit   'ansi-regex': [ '5.0.1' ],
676 silly audit   'ansi-styles': [ '4.3.0' ],
676 silly audit   'color-convert': [ '2.0.1' ],
676 silly audit   'color-name': [ '1.1.4' ]
676 silly audit }
677 http cache color-name@https://registry.npmjs.org/color-name/-/color-name-1.1.4.tgz 0ms (cache hit)
678 http cache ansi-regex@https://registry.npmjs.org/ansi-regex/-/ansi-regex-5.0.1.tgz 0ms (cache hit)
679 http cache emoji-regex@https://registry.npmjs.org/emoji-regex/-/emoji-regex-8.0.0.tgz 0ms (cache hit)
680 http cache color-convert@https://registry.npmjs.org/color-convert/-/color-convert-2.0.1.tgz 0ms (cache hit)
681 http cache wrap-ansi@https://registry.npmjs.org/wrap-ansi/-/wrap-ansi-7.0.0.tgz 0ms (cache hit)
682 http cache is-fullwidth-code-point@https://registry.npmjs.org/is-fullwidth-code-point/-/is-fullwidth-code-point-3.0.0.tgz 0ms (cache hit)
683 http cache ansi-styles@https://registry.npmjs.org/ansi-styles/-/ansi-styles-4.3.0.tgz 0ms (cache hit)
684 http cache strip-ansi@https://registry.npmjs.org/strip-ansi/-/strip-ansi-6.0.1.tgz 0ms (cache hit)
685 http cache yargs-parser@https://registry.npmjs.org/yargs-parser/-/yargs-parser-21.1.1.tgz 0ms (cache hit)
686 http cache y18n@https://registry.npmjs.org/y18n/-/y18n-5.0.8.tgz 0ms (cache hit)
687 http cache string-width@https://registry.npmjs.org/string-width/-/string-width-4.2.3.tgz 0ms (cache hit)
688 http cache require-directory@https://registry.npmjs.org/require-directory/-/require-directory-2.1.1.tgz 0ms (cache hit)
689 http cache get-caller-file@https://registry.npmjs.org/get-caller-file/-/get-caller-file-2.0.5.tgz 0ms (cache hit)
690 http cache escalade@https://registry.npmjs.org/escalade/-/escalade-3.2.0.tgz 0ms (cache hit)
691 http cache cliui@https://registry.npmjs.org/cliui/-/cliui-8.0.1.tgz 0ms (cache hit)
692 http cache call-bound@https://registry.npmjs.org/call-bound/-/call-bound-1.0.4.tgz 0ms (cache hit)
693 http cache media-typer@https://registry.npmjs.org/media-typer/-/media-typer-1.1.0.tgz 0ms (cache hit)
694 http cache side-channel-weakmap@https://registry.npmjs.org/side-channel-weakmap/-/side-channel-weakmap-1.0.2.tgz 0ms (cache hit)
695 http cache side-channel-map@https://registry.npmjs.org/side-channel-map/-/side-channel-map-1.0.1.tgz 0ms (cache hit)
696 http cache object-inspect@https://registry.npmjs.org/object-inspect/-/object-inspect-1.13.4.tgz 0ms (cache hit)
697 http cache path-to-regexp@https://registry.npmjs.org/path-to-regexp/-/path-to-regexp-8.3.0.tgz 0ms (cache hit)
698 http cache is-promise@https://registry.npmjs.org/is-promise/-/is-promise-4.0.0.tgz 0ms (cache hit)
699 http cache side-channel-list@https://registry.npmjs.org/side-channel-list/-/side-channel-list-1.0.0.tgz 0ms (cache hit)
700 http cache unpipe@https://registry.npmjs.org/unpipe/-/unpipe-1.0.0.tgz 0ms (cache hit)
701 http cache side-channel@https://registry.npmjs.org/side-channel/-/side-channel-1.1.0.tgz 0ms (cache hit)
702 http cache ipaddr.js@https://registry.npmjs.org/ipaddr.js/-/ipaddr.js-1.9.1.tgz 0ms (cache hit)
703 http cache forwarded@https://registry.npmjs.org/forwarded/-/forwarded-0.2.0.tgz 0ms (cache hit)
704 http cache @types/node@https://registry.npmjs.org/@types/node/-/node-24.10.1.tgz 0ms (cache hit)
705 http cache undici-types@https://registry.npmjs.org/undici-types/-/undici-types-7.16.0.tgz 0ms (cache hit)
706 http cache @protobufjs/inquire@https://registry.npmjs.org/@protobufjs/inquire/-/inquire-1.1.0.tgz 0ms (cache hit)
707 http cache @protobufjs/pool@https://registry.npmjs.org/@protobufjs/pool/-/pool-1.1.0.tgz 0ms (cache hit)
708 http cache @protobufjs/float@https://registry.npmjs.org/@protobufjs/float/-/float-1.0.2.tgz 0ms (cache hit)
709 http cache @protobufjs/path@https://registry.npmjs.org/@protobufjs/path/-/path-1.1.2.tgz 0ms (cache hit)
710 http cache @protobufjs/utf8@https://registry.npmjs.org/@protobufjs/utf8/-/utf8-1.1.0.tgz 0ms (cache hit)
711 http cache @protobufjs/eventemitter@https://registry.npmjs.org/@protobufjs/eventemitter/-/eventemitter-1.1.0.tgz 0ms (cache hit)
712 http cache @protobufjs/codegen@https://registry.npmjs.org/@protobufjs/codegen/-/codegen-2.0.4.tgz 0ms (cache hit)
713 http cache @protobufjs/base64@https://registry.npmjs.org/@protobufjs/base64/-/base64-1.1.2.tgz 0ms (cache hit)
714 http cache @protobufjs/aspromise@https://registry.npmjs.org/@protobufjs/aspromise/-/aspromise-1.1.2.tgz 0ms (cache hit)
715 http cache wrappy@https://registry.npmjs.org/wrappy/-/wrappy-1.0.2.tgz 1ms (cache hit)
716 http cache ee-first@https://registry.npmjs.org/ee-first/-/ee-first-1.1.1.tgz 0ms (cache hit)
717 http cache mime-db@https://registry.npmjs.org/mime-db/-/mime-db-1.54.0.tgz 0ms (cache hit)
718 http cache ecdsa-sig-formatter@https://registry.npmjs.org/ecdsa-sig-formatter/-/ecdsa-sig-formatter-1.0.11.tgz 0ms (cache hit)
719 http cache buffer-equal-constant-time@https://registry.npmjs.org/buffer-equal-constant-time/-/buffer-equal-constant-time-1.0.1.tgz 0ms (cache hit)
720 http cache @protobufjs/fetch@https://registry.npmjs.org/@protobufjs/fetch/-/fetch-1.1.0.tgz 0ms (cache hit)
721 http cache safe-buffer@https://registry.npmjs.org/safe-buffer/-/safe-buffer-5.2.1.tgz 0ms (cache hit)
722 http cache jwa@https://registry.npmjs.org/jwa/-/jwa-1.4.2.tgz 0ms (cache hit)
723 http cache semver@https://registry.npmjs.org/semver/-/semver-7.7.3.tgz 0ms (cache hit)
724 http cache lodash.once@https://registry.npmjs.org/lodash.once/-/lodash.once-4.1.1.tgz 0ms (cache hit)
725 http cache lodash.isstring@https://registry.npmjs.org/lodash.isstring/-/lodash.isstring-4.0.1.tgz 0ms (cache hit)
726 http cache lodash.isplainobject@https://registry.npmjs.org/lodash.isplainobject/-/lodash.isplainobject-4.0.6.tgz 0ms (cache hit)
727 http cache lodash.isnumber@https://registry.npmjs.org/lodash.isnumber/-/lodash.isnumber-3.0.3.tgz 0ms (cache hit)
728 http cache lodash.isinteger@https://registry.npmjs.org/lodash.isinteger/-/lodash.isinteger-4.0.4.tgz 0ms (cache hit)
729 http cache lodash.isboolean@https://registry.npmjs.org/lodash.isboolean/-/lodash.isboolean-3.0.3.tgz 0ms (cache hit)
730 http cache lodash.includes@https://registry.npmjs.org/lodash.includes/-/lodash.includes-4.3.0.tgz 0ms (cache hit)
731 http cache jws@https://registry.npmjs.org/jws/-/jws-3.2.2.tgz 0ms (cache hit)
732 http cache safer-buffer@https://registry.npmjs.org/safer-buffer/-/safer-buffer-2.1.2.tgz 0ms (cache hit)
733 http cache toidentifier@https://registry.npmjs.org/toidentifier/-/toidentifier-1.0.1.tgz 0ms (cache hit)
734 http cache setprototypeof@https://registry.npmjs.org/setprototypeof/-/setprototypeof-1.2.0.tgz 0ms (cache hit)
735 http cache inherits@https://registry.npmjs.org/inherits/-/inherits-2.0.4.tgz 0ms (cache hit)
736 http cache depd@https://registry.npmjs.org/depd/-/depd-2.0.0.tgz 0ms (cache hit)
737 http cache dunder-proto@https://registry.npmjs.org/dunder-proto/-/dunder-proto-1.0.1.tgz 0ms (cache hit)
738 http cache math-intrinsics@https://registry.npmjs.org/math-intrinsics/-/math-intrinsics-1.1.0.tgz 0ms (cache hit)
739 http cache has-symbols@https://registry.npmjs.org/has-symbols/-/has-symbols-1.1.0.tgz 0ms (cache hit)
740 http cache get-proto@https://registry.npmjs.org/get-proto/-/get-proto-1.0.1.tgz 0ms (cache hit)
741 http cache function-bind@https://registry.npmjs.org/function-bind/-/function-bind-1.1.2.tgz 0ms (cache hit)
742 http cache gopd@https://registry.npmjs.org/gopd/-/gopd-1.2.0.tgz 0ms (cache hit)
743 http cache es-object-atoms@https://registry.npmjs.org/es-object-atoms/-/es-object-atoms-1.1.1.tgz 0ms (cache hit)
744 http cache call-bind-apply-helpers@https://registry.npmjs.org/call-bind-apply-helpers/-/call-bind-apply-helpers-1.0.2.tgz 0ms (cache hit)
745 http cache has-tostringtag@https://registry.npmjs.org/has-tostringtag/-/has-tostringtag-1.0.2.tgz 0ms (cache hit)
746 http cache get-intrinsic@https://registry.npmjs.org/get-intrinsic/-/get-intrinsic-1.3.0.tgz 0ms (cache hit)
747 http cache delayed-stream@https://registry.npmjs.org/delayed-stream/-/delayed-stream-1.0.0.tgz 0ms (cache hit)
748 http cache hasown@https://registry.npmjs.org/hasown/-/hasown-2.0.2.tgz 0ms (cache hit)
749 http cache es-set-tostringtag@https://registry.npmjs.org/es-set-tostringtag/-/es-set-tostringtag-2.1.0.tgz 0ms (cache hit)
750 http cache es-define-property@https://registry.npmjs.org/es-define-property/-/es-define-property-1.0.1.tgz 0ms (cache hit)
751 http cache es-errors@https://registry.npmjs.org/es-errors/-/es-errors-1.3.0.tgz 0ms (cache hit)
752 http cache asynckit@https://registry.npmjs.org/asynckit/-/asynckit-0.4.0.tgz 0ms (cache hit)
753 http cache combined-stream@https://registry.npmjs.org/combined-stream/-/combined-stream-1.0.8.tgz 0ms (cache hit)
754 http cache ms@https://registry.npmjs.org/ms/-/ms-2.1.3.tgz 0ms (cache hit)
755 http cache raw-body@https://registry.npmjs.org/raw-body/-/raw-body-3.0.2.tgz 0ms (cache hit)
756 http cache iconv-lite@https://registry.npmjs.org/iconv-lite/-/iconv-lite-0.7.0.tgz 0ms (cache hit)
757 http cache negotiator@https://registry.npmjs.org/negotiator/-/negotiator-1.0.0.tgz 1ms (cache hit)
758 http cache bytes@https://registry.npmjs.org/bytes/-/bytes-3.1.2.tgz 0ms (cache hit)
759 http cache type-is@https://registry.npmjs.org/type-is/-/type-is-2.0.1.tgz 0ms (cache hit)
760 http cache serve-static@https://registry.npmjs.org/serve-static/-/serve-static-2.2.0.tgz 0ms (cache hit)
761 http cache send@https://registry.npmjs.org/send/-/send-1.2.0.tgz 0ms (cache hit)
762 http cache statuses@https://registry.npmjs.org/statuses/-/statuses-2.0.2.tgz 0ms (cache hit)
763 http cache router@https://registry.npmjs.org/router/-/router-2.2.0.tgz 0ms (cache hit)
764 http cache qs@https://registry.npmjs.org/qs/-/qs-6.14.0.tgz 0ms (cache hit)
765 http cache proxy-addr@https://registry.npmjs.org/proxy-addr/-/proxy-addr-2.0.7.tgz 0ms (cache hit)
766 http cache parseurl@https://registry.npmjs.org/parseurl/-/parseurl-1.3.3.tgz 0ms (cache hit)
767 http cache once@https://registry.npmjs.org/once/-/once-1.4.0.tgz 0ms (cache hit)
768 http cache on-finished@https://registry.npmjs.org/on-finished/-/on-finished-2.4.1.tgz 0ms (cache hit)
769 http cache range-parser@https://registry.npmjs.org/range-parser/-/range-parser-1.2.1.tgz 0ms (cache hit)
770 http cache mime-types@https://registry.npmjs.org/mime-types/-/mime-types-3.0.2.tgz 0ms (cache hit)
771 http cache merge-descriptors@https://registry.npmjs.org/merge-descriptors/-/merge-descriptors-2.0.0.tgz 1ms (cache hit)
772 http cache http-errors@https://registry.npmjs.org/http-errors/-/http-errors-2.0.1.tgz 0ms (cache hit)
773 http cache fresh@https://registry.npmjs.org/fresh/-/fresh-2.0.0.tgz 0ms (cache hit)
774 http cache finalhandler@https://registry.npmjs.org/finalhandler/-/finalhandler-2.1.0.tgz 0ms (cache hit)
775 http cache etag@https://registry.npmjs.org/etag/-/etag-1.8.1.tgz 0ms (cache hit)
776 http cache escape-html@https://registry.npmjs.org/escape-html/-/escape-html-1.0.3.tgz 0ms (cache hit)
777 http cache encodeurl@https://registry.npmjs.org/encodeurl/-/encodeurl-2.0.0.tgz 0ms (cache hit)
778 http cache debug@https://registry.npmjs.org/debug/-/debug-4.4.3.tgz 0ms (cache hit)
779 http cache cookie-signature@https://registry.npmjs.org/cookie-signature/-/cookie-signature-1.2.2.tgz 0ms (cache hit)
780 http cache cookie@https://registry.npmjs.org/cookie/-/cookie-0.7.2.tgz 0ms (cache hit)
781 http cache content-type@https://registry.npmjs.org/content-type/-/content-type-1.0.5.tgz 0ms (cache hit)
782 http cache content-disposition@https://registry.npmjs.org/content-disposition/-/content-disposition-1.0.1.tgz 0ms (cache hit)
783 http cache body-parser@https://registry.npmjs.org/body-parser/-/body-parser-2.2.1.tgz 0ms (cache hit)
784 http cache accepts@https://registry.npmjs.org/accepts/-/accepts-2.0.0.tgz 0ms (cache hit)
785 http cache object-assign@https://registry.npmjs.org/object-assign/-/object-assign-4.1.1.tgz 0ms (cache hit)
786 http cache vary@https://registry.npmjs.org/vary/-/vary-1.1.2.tgz 0ms (cache hit)
787 http cache proxy-from-env@https://registry.npmjs.org/proxy-from-env/-/proxy-from-env-1.1.0.tgz 0ms (cache hit)
788 http cache form-data@https://registry.npmjs.org/form-data/-/form-data-4.0.5.tgz 0ms (cache hit)
789 http cache follow-redirects@https://registry.npmjs.org/follow-redirects/-/follow-redirects-1.15.11.tgz 0ms (cache hit)
790 http cache yargs@https://registry.npmjs.org/yargs/-/yargs-17.7.2.tgz 0ms (cache hit)
791 http cache long@https://registry.npmjs.org/long/-/long-5.3.2.tgz 0ms (cache hit)
792 http cache lodash.camelcase@https://registry.npmjs.org/lodash.camelcase/-/lodash.camelcase-4.3.0.tgz 0ms (cache hit)
793 http cache @js-sdsl/ordered-map@https://registry.npmjs.org/@js-sdsl/ordered-map/-/ordered-map-4.4.2.tgz 0ms (cache hit)
794 http cache jsonwebtoken@https://registry.npmjs.org/jsonwebtoken/-/jsonwebtoken-9.0.2.tgz 0ms (cache hit)
795 http cache cors@https://registry.npmjs.org/cors/-/cors-2.8.5.tgz 0ms (cache hit)
796 http cache protobufjs@https://registry.npmjs.org/protobufjs/-/protobufjs-7.5.4.tgz 0ms (cache hit)
797 http cache express@https://registry.npmjs.org/express/-/express-5.1.0.tgz 0ms (cache hit)
798 http cache @grpc/proto-loader@https://registry.npmjs.org/@grpc/proto-loader/-/proto-loader-0.8.0.tgz 0ms (cache hit)
799 http cache @grpc/grpc-js@https://registry.npmjs.org/@grpc/grpc-js/-/grpc-js-1.14.1.tgz 0ms (cache hit)
800 http cache mime-db@https://registry.npmjs.org/mime-db/-/mime-db-1.52.0.tgz 0ms (cache hit)
801 http cache mime-types@https://registry.npmjs.org/mime-types/-/mime-types-2.1.35.tgz 0ms (cache hit)
802 http cache axios@https://registry.npmjs.org/axios/-/axios-1.13.2.tgz 0ms (cache hit)
803 silly tarball no local data for media-typer@https://registry.npmjs.org/media-typer/-/media-typer-1.1.0.tgz. Extracting by manifest.
804 silly tarball no local data for path-to-regexp@https://registry.npmjs.org/path-to-regexp/-/path-to-regexp-8.3.0.tgz. Extracting by manifest.
805 silly tarball no local data for is-promise@https://registry.npmjs.org/is-promise/-/is-promise-4.0.0.tgz. Extracting by manifest.
806 silly tarball no local data for unpipe@https://registry.npmjs.org/unpipe/-/unpipe-1.0.0.tgz. Extracting by manifest.
807 silly tarball no local data for ipaddr.js@https://registry.npmjs.org/ipaddr.js/-/ipaddr.js-1.9.1.tgz. Extracting by manifest.
808 silly tarball no local data for forwarded@https://registry.npmjs.org/forwarded/-/forwarded-0.2.0.tgz. Extracting by manifest.
809 silly tarball no local data for wrappy@https://registry.npmjs.org/wrappy/-/wrappy-1.0.2.tgz. Extracting by manifest.
810 silly tarball no local data for ee-first@https://registry.npmjs.org/ee-first/-/ee-first-1.1.1.tgz. Extracting by manifest.
811 silly tarball no local data for mime-db@https://registry.npmjs.org/mime-db/-/mime-db-1.54.0.tgz. Extracting by manifest.
812 silly tarball no local data for ecdsa-sig-formatter@https://registry.npmjs.org/ecdsa-sig-formatter/-/ecdsa-sig-formatter-1.0.11.tgz. Extracting by manifest.
813 silly tarball no local data for buffer-equal-constant-time@https://registry.npmjs.org/buffer-equal-constant-time/-/buffer-equal-constant-time-1.0.1.tgz. Extracting by manifest.
814 silly tarball no local data for safe-buffer@https://registry.npmjs.org/safe-buffer/-/safe-buffer-5.2.1.tgz. Extracting by manifest.
815 silly tarball no local data for semver@https://registry.npmjs.org/semver/-/semver-7.7.3.tgz. Extracting by manifest.
816 silly tarball no local data for lodash.once@https://registry.npmjs.org/lodash.once/-/lodash.once-4.1.1.tgz. Extracting by manifest.
817 silly tarball no local data for lodash.isstring@https://registry.npmjs.org/lodash.isstring/-/lodash.isstring-4.0.1.tgz. Extracting by manifest.
818 silly tarball no local data for lodash.isplainobject@https://registry.npmjs.org/lodash.isplainobject/-/lodash.isplainobject-4.0.6.tgz. Extracting by manifest.
819 silly tarball no local data for lodash.isnumber@https://registry.npmjs.org/lodash.isnumber/-/lodash.isnumber-3.0.3.tgz. Extracting by manifest.
820 silly tarball no local data for lodash.isinteger@https://registry.npmjs.org/lodash.isinteger/-/lodash.isinteger-4.0.4.tgz. Extracting by manifest.
821 silly tarball no local data for lodash.isboolean@https://registry.npmjs.org/lodash.isboolean/-/lodash.isboolean-3.0.3.tgz. Extracting by manifest.
822 silly tarball no local data for jwa@https://registry.npmjs.org/jwa/-/jwa-1.4.2.tgz. Extracting by manifest.
823 silly tarball no local data for lodash.includes@https://registry.npmjs.org/lodash.includes/-/lodash.includes-4.3.0.tgz. Extracting by manifest.
824 silly tarball no local data for jws@https://registry.npmjs.org/jws/-/jws-3.2.2.tgz. Extracting by manifest.
825 silly tarball no local data for toidentifier@https://registry.npmjs.org/toidentifier/-/toidentifier-1.0.1.tgz. Extracting by manifest.
826 silly tarball no local data for setprototypeof@https://registry.npmjs.org/setprototypeof/-/setprototypeof-1.2.0.tgz. Extracting by manifest.
827 silly tarball no local data for inherits@https://registry.npmjs.org/inherits/-/inherits-2.0.4.tgz. Extracting by manifest.
828 silly tarball no local data for depd@https://registry.npmjs.org/depd/-/depd-2.0.0.tgz. Extracting by manifest.
829 silly tarball no local data for has-tostringtag@https://registry.npmjs.org/has-tostringtag/-/has-tostringtag-1.0.2.tgz. Extracting by manifest.
830 silly tarball no local data for delayed-stream@https://registry.npmjs.org/delayed-stream/-/delayed-stream-1.0.0.tgz. Extracting by manifest.
831 silly tarball no local data for es-set-tostringtag@https://registry.npmjs.org/es-set-tostringtag/-/es-set-tostringtag-2.1.0.tgz. Extracting by manifest.
832 silly tarball no local data for asynckit@https://registry.npmjs.org/asynckit/-/asynckit-0.4.0.tgz. Extracting by manifest.
833 silly tarball no local data for combined-stream@https://registry.npmjs.org/combined-stream/-/combined-stream-1.0.8.tgz. Extracting by manifest.
834 silly tarball no local data for raw-body@https://registry.npmjs.org/raw-body/-/raw-body-3.0.2.tgz. Extracting by manifest.
835 silly tarball no local data for negotiator@https://registry.npmjs.org/negotiator/-/negotiator-1.0.0.tgz. Extracting by manifest.
836 silly tarball no local data for bytes@https://registry.npmjs.org/bytes/-/bytes-3.1.2.tgz. Extracting by manifest.
837 silly tarball no local data for type-is@https://registry.npmjs.org/type-is/-/type-is-2.0.1.tgz. Extracting by manifest.
838 silly tarball no local data for serve-static@https://registry.npmjs.org/serve-static/-/serve-static-2.2.0.tgz. Extracting by manifest.
839 silly tarball no local data for send@https://registry.npmjs.org/send/-/send-1.2.0.tgz. Extracting by manifest.
840 silly tarball no local data for statuses@https://registry.npmjs.org/statuses/-/statuses-2.0.2.tgz. Extracting by manifest.
841 silly tarball no local data for router@https://registry.npmjs.org/router/-/router-2.2.0.tgz. Extracting by manifest.
842 silly tarball no local data for proxy-addr@https://registry.npmjs.org/proxy-addr/-/proxy-addr-2.0.7.tgz. Extracting by manifest.
843 silly tarball no local data for parseurl@https://registry.npmjs.org/parseurl/-/parseurl-1.3.3.tgz. Extracting by manifest.
844 silly tarball no local data for once@https://registry.npmjs.org/once/-/once-1.4.0.tgz. Extracting by manifest.
845 silly tarball no local data for on-finished@https://registry.npmjs.org/on-finished/-/on-finished-2.4.1.tgz. Extracting by manifest.
846 silly tarball no local data for range-parser@https://registry.npmjs.org/range-parser/-/range-parser-1.2.1.tgz. Extracting by manifest.
847 silly tarball no local data for mime-types@https://registry.npmjs.org/mime-types/-/mime-types-3.0.2.tgz. Extracting by manifest.
848 silly tarball no local data for iconv-lite@https://registry.npmjs.org/iconv-lite/-/iconv-lite-0.7.0.tgz. Extracting by manifest.
849 silly tarball no local data for merge-descriptors@https://registry.npmjs.org/merge-descriptors/-/merge-descriptors-2.0.0.tgz. Extracting by manifest.
850 silly tarball no local data for http-errors@https://registry.npmjs.org/http-errors/-/http-errors-2.0.1.tgz. Extracting by manifest.
851 silly tarball no local data for finalhandler@https://registry.npmjs.org/finalhandler/-/finalhandler-2.1.0.tgz. Extracting by manifest.
852 silly tarball no local data for fresh@https://registry.npmjs.org/fresh/-/fresh-2.0.0.tgz. Extracting by manifest.
853 silly tarball no local data for escape-html@https://registry.npmjs.org/escape-html/-/escape-html-1.0.3.tgz. Extracting by manifest.
854 silly tarball no local data for encodeurl@https://registry.npmjs.org/encodeurl/-/encodeurl-2.0.0.tgz. Extracting by manifest.
855 silly tarball no local data for etag@https://registry.npmjs.org/etag/-/etag-1.8.1.tgz. Extracting by manifest.
856 silly tarball no local data for cookie-signature@https://registry.npmjs.org/cookie-signature/-/cookie-signature-1.2.2.tgz. Extracting by manifest.
857 silly tarball no local data for cookie@https://registry.npmjs.org/cookie/-/cookie-0.7.2.tgz. Extracting by manifest.
858 silly tarball no local data for content-type@https://registry.npmjs.org/content-type/-/content-type-1.0.5.tgz. Extracting by manifest.
859 silly tarball no local data for body-parser@https://registry.npmjs.org/body-parser/-/body-parser-2.2.1.tgz. Extracting by manifest.
860 silly tarball no local data for accepts@https://registry.npmjs.org/accepts/-/accepts-2.0.0.tgz. Extracting by manifest.
861 silly tarball no local data for content-disposition@https://registry.npmjs.org/content-disposition/-/content-disposition-1.0.1.tgz. Extracting by manifest.
862 silly tarball no local data for object-assign@https://registry.npmjs.org/object-assign/-/object-assign-4.1.1.tgz. Extracting by manifest.
863 silly tarball no local data for proxy-from-env@https://registry.npmjs.org/proxy-from-env/-/proxy-from-env-1.1.0.tgz. Extracting by manifest.
864 silly tarball no local data for form-data@https://registry.npmjs.org/form-data/-/form-data-4.0.5.tgz. Extracting by manifest.
865 silly tarball no local data for vary@https://registry.npmjs.org/vary/-/vary-1.1.2.tgz. Extracting by manifest.
866 silly tarball no local data for jsonwebtoken@https://registry.npmjs.org/jsonwebtoken/-/jsonwebtoken-9.0.2.tgz. Extracting by manifest.
867 silly tarball no local data for express@https://registry.npmjs.org/express/-/express-5.1.0.tgz. Extracting by manifest.
868 silly tarball no local data for mime-db@https://registry.npmjs.org/mime-db/-/mime-db-1.52.0.tgz. Extracting by manifest.
869 silly tarball no local data for mime-types@https://registry.npmjs.org/mime-types/-/mime-types-2.1.35.tgz. Extracting by manifest.
870 http fetch POST 200 https://registry.npmjs.org/-/npm/v1/security/advisories/bulk 600ms
871 silly audit report {}
872 http fetch GET 200 https://registry.npmjs.org/media-typer/-/media-typer-1.1.0.tgz 833ms (cache miss)
873 http fetch GET 200 https://registry.npmjs.org/lodash.isstring/-/lodash.isstring-4.0.1.tgz 855ms (cache miss)
874 http fetch GET 200 https://registry.npmjs.org/lodash.isplainobject/-/lodash.isplainobject-4.0.6.tgz 949ms (cache miss)
875 http fetch GET 200 https://registry.npmjs.org/is-promise/-/is-promise-4.0.0.tgz 967ms (cache miss)
876 http fetch GET 200 https://registry.npmjs.org/unpipe/-/unpipe-1.0.0.tgz 968ms (cache miss)
877 http fetch GET 200 https://registry.npmjs.org/forwarded/-/forwarded-0.2.0.tgz 986ms (cache miss)
878 http fetch GET 200 https://registry.npmjs.org/ee-first/-/ee-first-1.1.1.tgz 988ms (cache miss)
879 http fetch GET 200 https://registry.npmjs.org/lodash.isnumber/-/lodash.isnumber-3.0.3.tgz 988ms (cache miss)
880 http fetch GET 200 https://registry.npmjs.org/wrappy/-/wrappy-1.0.2.tgz 998ms (cache miss)
881 http fetch GET 200 https://registry.npmjs.org/lodash.isboolean/-/lodash.isboolean-3.0.3.tgz 1002ms (cache miss)
882 http fetch GET 200 https://registry.npmjs.org/jwa/-/jwa-1.4.2.tgz 1002ms (cache miss)
883 http fetch GET 200 https://registry.npmjs.org/lodash.once/-/lodash.once-4.1.1.tgz 1009ms (cache miss)
884 http fetch GET 200 https://registry.npmjs.org/inherits/-/inherits-2.0.4.tgz 1007ms (cache miss)
885 http fetch GET 200 https://registry.npmjs.org/ecdsa-sig-formatter/-/ecdsa-sig-formatter-1.0.11.tgz 1024ms (cache miss)
886 http fetch GET 200 https://registry.npmjs.org/lodash.includes/-/lodash.includes-4.3.0.tgz 1018ms (cache miss)
887 http fetch GET 200 https://registry.npmjs.org/setprototypeof/-/setprototypeof-1.2.0.tgz 1021ms (cache miss)
888 http fetch GET 200 https://registry.npmjs.org/path-to-regexp/-/path-to-regexp-8.3.0.tgz 1044ms (cache miss)
889 http fetch GET 200 https://registry.npmjs.org/ipaddr.js/-/ipaddr.js-1.9.1.tgz 1047ms (cache miss)
890 http fetch GET 200 https://registry.npmjs.org/lodash.isinteger/-/lodash.isinteger-4.0.4.tgz 1038ms (cache miss)
891 http fetch GET 200 https://registry.npmjs.org/delayed-stream/-/delayed-stream-1.0.0.tgz 1031ms (cache miss)
892 http fetch GET 200 https://registry.npmjs.org/toidentifier/-/toidentifier-1.0.1.tgz 1037ms (cache miss)
893 http fetch GET 200 https://registry.npmjs.org/jws/-/jws-3.2.2.tgz 1039ms (cache miss)
894 http fetch GET 200 https://registry.npmjs.org/depd/-/depd-2.0.0.tgz 1049ms (cache miss)
895 http fetch GET 200 https://registry.npmjs.org/bytes/-/bytes-3.1.2.tgz 1060ms (cache miss)
896 http fetch GET 200 https://registry.npmjs.org/asynckit/-/asynckit-0.4.0.tgz 1130ms (cache miss)
897 http fetch GET 200 https://registry.npmjs.org/buffer-equal-constant-time/-/buffer-equal-constant-time-1.0.1.tgz 1175ms (cache miss)
898 http fetch GET 200 https://registry.npmjs.org/statuses/-/statuses-2.0.2.tgz 1158ms (cache miss)
899 http fetch GET 200 https://registry.npmjs.org/proxy-addr/-/proxy-addr-2.0.7.tgz 1158ms (cache miss)
900 http fetch GET 200 https://registry.npmjs.org/type-is/-/type-is-2.0.1.tgz 1171ms (cache miss)
901 http fetch GET 200 https://registry.npmjs.org/semver/-/semver-7.7.3.tgz 1449ms (cache miss)
902 http fetch GET 200 https://registry.npmjs.org/router/-/router-2.2.0.tgz 1441ms (cache miss)
903 http fetch GET 200 https://registry.npmjs.org/has-tostringtag/-/has-tostringtag-1.0.2.tgz 1460ms (cache miss)
904 http fetch GET 200 https://registry.npmjs.org/raw-body/-/raw-body-3.0.2.tgz 1462ms (cache miss)
905 http fetch GET 200 https://registry.npmjs.org/once/-/once-1.4.0.tgz 1460ms (cache miss)
906 http fetch GET 200 https://registry.npmjs.org/serve-static/-/serve-static-2.2.0.tgz 1465ms (cache miss)
907 http fetch GET 200 https://registry.npmjs.org/combined-stream/-/combined-stream-1.0.8.tgz 1486ms (cache miss)
908 http fetch GET 200 https://registry.npmjs.org/parseurl/-/parseurl-1.3.3.tgz 1502ms (cache miss)
909 http fetch GET 200 https://registry.npmjs.org/range-parser/-/range-parser-1.2.1.tgz 1513ms (cache miss)
910 http fetch GET 200 https://registry.npmjs.org/safe-buffer/-/safe-buffer-5.2.1.tgz 1537ms (cache miss)
911 http fetch GET 200 https://registry.npmjs.org/merge-descriptors/-/merge-descriptors-2.0.0.tgz 1551ms (cache miss)
912 http fetch GET 200 https://registry.npmjs.org/mime-types/-/mime-types-3.0.2.tgz 1656ms (cache miss)
913 http fetch GET 200 https://registry.npmjs.org/encodeurl/-/encodeurl-2.0.0.tgz 1652ms (cache miss)
914 http fetch GET 200 https://registry.npmjs.org/cookie-signature/-/cookie-signature-1.2.2.tgz 1651ms (cache miss)
915 http fetch GET 200 https://registry.npmjs.org/escape-html/-/escape-html-1.0.3.tgz 1653ms (cache miss)
916 http fetch GET 200 https://registry.npmjs.org/on-finished/-/on-finished-2.4.1.tgz 1665ms (cache miss)
917 http fetch GET 200 https://registry.npmjs.org/send/-/send-1.2.0.tgz 1671ms (cache miss)
918 http fetch GET 200 https://registry.npmjs.org/fresh/-/fresh-2.0.0.tgz 1676ms (cache miss)
919 http fetch GET 200 https://registry.npmjs.org/finalhandler/-/finalhandler-2.1.0.tgz 1678ms (cache miss)
920 http fetch GET 200 https://registry.npmjs.org/content-type/-/content-type-1.0.5.tgz 1717ms (cache miss)
921 http fetch GET 200 https://registry.npmjs.org/object-assign/-/object-assign-4.1.1.tgz 1733ms (cache miss)
922 http fetch GET 200 https://registry.npmjs.org/accepts/-/accepts-2.0.0.tgz 1735ms (cache miss)
923 http fetch GET 200 https://registry.npmjs.org/es-set-tostringtag/-/es-set-tostringtag-2.1.0.tgz 1778ms (cache miss)
924 http fetch GET 200 https://registry.npmjs.org/vary/-/vary-1.1.2.tgz 1762ms (cache miss)
925 http fetch GET 200 https://registry.npmjs.org/proxy-from-env/-/proxy-from-env-1.1.0.tgz 1770ms (cache miss)
926 http fetch GET 200 https://registry.npmjs.org/mime-types/-/mime-types-2.1.35.tgz 1766ms (cache miss)
927 http fetch GET 200 https://registry.npmjs.org/body-parser/-/body-parser-2.2.1.tgz 1784ms (cache miss)
928 http fetch GET 200 https://registry.npmjs.org/form-data/-/form-data-4.0.5.tgz 1810ms (cache miss)
929 http fetch GET 200 https://registry.npmjs.org/http-errors/-/http-errors-2.0.1.tgz 1851ms (cache miss)
930 http fetch GET 200 https://registry.npmjs.org/cookie/-/cookie-0.7.2.tgz 1877ms (cache miss)
931 http fetch GET 200 https://registry.npmjs.org/etag/-/etag-1.8.1.tgz 1911ms (cache miss)
932 http fetch GET 200 https://registry.npmjs.org/content-disposition/-/content-disposition-1.0.1.tgz 2000ms (cache miss)
933 http fetch GET 200 https://registry.npmjs.org/negotiator/-/negotiator-1.0.0.tgz 2027ms (cache miss)
934 http fetch GET 200 https://registry.npmjs.org/jsonwebtoken/-/jsonwebtoken-9.0.2.tgz 2004ms (cache miss)
935 http fetch GET 200 https://registry.npmjs.org/mime-db/-/mime-db-1.54.0.tgz 2191ms (cache miss)
936 http fetch GET 200 https://registry.npmjs.org/mime-db/-/mime-db-1.52.0.tgz 2805ms (cache miss)
937 http fetch GET 200 https://registry.npmjs.org/express/-/express-5.1.0.tgz 10599ms (cache miss)
938 http fetch GET 200 https://registry.npmjs.org/iconv-lite/-/iconv-lite-0.7.0.tgz 24308ms (cache miss)
939 info run protobufjs@7.5.4 postinstall node_modules/protobufjs node scripts/postinstall
940 info run protobufjs@7.5.4 postinstall { code: 0, signal: null }
941 silly ADD node_modules/color-name
942 silly ADD node_modules/color-convert
943 silly ADD node_modules/ansi-styles
944 silly ADD node_modules/ansi-regex
945 silly ADD node_modules/is-fullwidth-code-point
946 silly ADD node_modules/emoji-regex
947 silly ADD node_modules/wrap-ansi
948 silly ADD node_modules/strip-ansi
949 silly ADD node_modules/yargs-parser
950 silly ADD node_modules/y18n
951 silly ADD node_modules/string-width
952 silly ADD node_modules/require-directory
953 silly ADD node_modules/get-caller-file
954 silly ADD node_modules/escalade
955 silly ADD node_modules/cliui
956 silly ADD node_modules/media-typer
957 silly ADD node_modules/call-bound
958 silly ADD node_modules/side-channel-weakmap
959 silly ADD node_modules/side-channel-map
960 silly ADD node_modules/side-channel-list
961 silly ADD node_modules/object-inspect
962 silly ADD node_modules/path-to-regexp
963 silly ADD node_modules/is-promise
964 silly ADD node_modules/unpipe
965 silly ADD node_modules/side-channel
966 silly ADD node_modules/ipaddr.js
967 silly ADD node_modules/forwarded
968 silly ADD node_modules/undici-types
969 silly ADD node_modules/@types/node
970 silly ADD node_modules/@protobufjs/utf8
971 silly ADD node_modules/@protobufjs/pool
972 silly ADD node_modules/@protobufjs/path
973 silly ADD node_modules/@protobufjs/inquire
974 silly ADD node_modules/@protobufjs/float
975 silly ADD node_modules/@protobufjs/fetch
976 silly ADD node_modules/@protobufjs/eventemitter
977 silly ADD node_modules/@protobufjs/codegen
978 silly ADD node_modules/@protobufjs/base64
979 silly ADD node_modules/@protobufjs/aspromise
980 silly ADD node_modules/wrappy
981 silly ADD node_modules/ee-first
982 silly ADD node_modules/mime-db
983 silly ADD node_modules/ecdsa-sig-formatter
984 silly ADD node_modules/buffer-equal-constant-time
985 silly ADD node_modules/safe-buffer
986 silly ADD node_modules/jwa
987 silly ADD node_modules/semver
988 silly ADD node_modules/lodash.once
989 silly ADD node_modules/lodash.isstring
990 silly ADD node_modules/lodash.isplainobject
991 silly ADD node_modules/lodash.isnumber
992 silly ADD node_modules/lodash.isinteger
993 silly ADD node_modules/lodash.isboolean
994 silly ADD node_modules/lodash.includes
995 silly ADD node_modules/jws
996 silly ADD node_modules/safer-buffer
997 silly ADD node_modules/toidentifier
998 silly ADD node_modules/setprototypeof
999 silly ADD node_modules/inherits
1000 silly ADD node_modules/depd
1001 silly ADD node_modules/dunder-proto
1002 silly ADD node_modules/math-intrinsics
1003 silly ADD node_modules/has-symbols
1004 silly ADD node_modules/gopd
1005 silly ADD node_modules/get-proto
1006 silly ADD node_modules/function-bind
1007 silly ADD node_modules/es-object-atoms
1008 silly ADD node_modules/es-define-property
1009 silly ADD node_modules/call-bind-apply-helpers
1010 silly ADD node_modules/has-tostringtag
1011 silly ADD node_modules/get-intrinsic
1012 silly ADD node_modules/es-errors
1013 silly ADD node_modules/delayed-stream
1014 silly ADD node_modules/hasown
1015 silly ADD node_modules/es-set-tostringtag
1016 silly ADD node_modules/combined-stream
1017 silly ADD node_modules/asynckit
1018 silly ADD node_modules/ms
1019 silly ADD node_modules/raw-body
1020 silly ADD node_modules/iconv-lite
1021 silly ADD node_modules/bytes
1022 silly ADD node_modules/negotiator
1023 silly ADD node_modules/type-is
1024 silly ADD node_modules/statuses
1025 silly ADD node_modules/serve-static
1026 silly ADD node_modules/send
1027 silly ADD node_modules/router
1028 silly ADD node_modules/range-parser
1029 silly ADD node_modules/qs
1030 silly ADD node_modules/proxy-addr
1031 silly ADD node_modules/parseurl
1032 silly ADD node_modules/once
1033 silly ADD node_modules/on-finished
1034 silly ADD node_modules/mime-types
1035 silly ADD node_modules/merge-descriptors
1036 silly ADD node_modules/http-errors
1037 silly ADD node_modules/fresh
1038 silly ADD node_modules/finalhandler
1039 silly ADD node_modules/etag
1040 silly ADD node_modules/escape-html
1041 silly ADD node_modules/encodeurl
1042 silly ADD node_modules/debug
1043 silly ADD node_modules/cookie-signature
1044 silly ADD node_modules/cookie
1045 silly ADD node_modules/content-type
1046 silly ADD node_modules/content-disposition
1047 silly ADD node_modules/body-parser
1048 silly ADD node_modules/accepts
1049 silly ADD node_modules/vary
1050 silly ADD node_modules/object-assign
1051 silly ADD node_modules/proxy-from-env
1052 silly ADD node_modules/form-data
1053 silly ADD node_modules/form-data/node_modules/mime-db
1054 silly ADD node_modules/form-data/node_modules/mime-types
1055 silly ADD node_modules/follow-redirects
1056 silly ADD node_modules/yargs
1057 silly ADD node_modules/protobufjs
1058 silly ADD node_modules/long
1059 silly ADD node_modules/lodash.camelcase
1060 silly ADD node_modules/@js-sdsl/ordered-map
1061 silly ADD node_modules/jsonwebtoken
1062 silly ADD node_modules/express
1063 silly ADD node_modules/cors
1064 silly ADD node_modules/axios
1065 silly ADD node_modules/@grpc/proto-loader
1066 silly ADD node_modules/@grpc/grpc-js
1067 verbose cwd /root
1068 verbose os Linux 6.12.41+deb13-amd64
1069 verbose node v24.6.0
1070 verbose npm  v11.5.1
1071 verbose exit 0
1072 info ok
