0 verbose cli /usr/bin/node /usr/bin/npm
1 info using npm@11.5.1
2 info using node@v24.6.0
3 silly config load:file:/usr/lib/node_modules/npm/npmrc
4 silly config load:file:/home/zeta/.npmrc
5 silly config load:file:/root/.npmrc
6 silly config load:file:/usr/etc/npmrc
7 verbose title npm audit
8 verbose argv "audit"
9 verbose logfile logs-max:10 dir:/root/.npm/_logs/2025-11-26T04_18_35_803Z-
10 verbose logfile /root/.npm/_logs/2025-11-26T04_18_35_803Z-debug-0.log
11 silly logfile done cleaning log files
12 silly packumentCache heap:2348810240 maxSize:587202560 maxEntrySize:293601280
13 silly audit bulk request {
13 silly audit   '@colors/colors': [ '1.6.0' ],
13 silly audit   '@dabh/diagnostics': [ '2.0.3' ],
13 silly audit   '@grpc/grpc-js': [ '1.14.1' ],
13 silly audit   '@grpc/proto-loader': [ '0.8.0' ],
13 silly audit   '@js-sdsl/ordered-map': [ '4.4.2' ],
13 silly audit   '@mongodb-js/saslprep': [ '1.3.0' ],
13 silly audit   '@protobufjs/aspromise': [ '1.1.2' ],
13 silly audit   '@protobufjs/base64': [ '1.1.2' ],
13 silly audit   '@protobufjs/codegen': [ '2.0.4' ],
13 silly audit   '@protobufjs/eventemitter': [ '1.1.0' ],
13 silly audit   '@protobufjs/fetch': [ '1.1.0' ],
13 silly audit   '@protobufjs/float': [ '1.0.2' ],
13 silly audit   '@protobufjs/inquire': [ '1.1.0' ],
13 silly audit   '@protobufjs/path': [ '1.1.2' ],
13 silly audit   '@protobufjs/pool': [ '1.1.0' ],
13 silly audit   '@protobufjs/utf8': [ '1.1.0' ],
13 silly audit   '@types/connect': [ '3.4.38' ],
13 silly audit   '@types/node': [ '12.20.55', '24.10.1' ],
13 silly audit   '@types/triple-beam': [ '1.3.5' ],
13 silly audit   '@types/webidl-conversions': [ '7.0.3' ],
13 silly audit   '@types/whatwg-url': [ '11.0.5' ],
13 silly audit   '@types/ws': [ '7.4.7' ],
13 silly audit   accepts: [ '2.0.0' ],
13 silly audit   'ansi-regex': [ '5.0.1' ],
13 silly audit   'ansi-styles': [ '4.3.0' ],
13 silly audit   'color-convert': [ '2.0.1', '1.9.3' ],
13 silly audit   'color-name': [ '1.1.4', '1.1.3' ],
13 silly audit   'append-field': [ '1.0.0' ],
13 silly audit   async: [ '3.2.6' ],
13 silly audit   asynckit: [ '0.4.0' ],
13 silly audit   axion: [ '0.1.0' ],
13 silly audit   axios: [ '1.13.2' ],
13 silly audit   'body-parser': [ '2.2.0' ],
13 silly audit   bson: [ '6.10.4' ],
13 silly audit   'buffer-equal-constant-time': [ '1.0.1' ],
13 silly audit   'buffer-from': [ '1.1.2' ],
13 silly audit   busboy: [ '1.6.0' ],
13 silly audit   bytes: [ '3.1.2' ],
13 silly audit   'call-bind-apply-helpers': [ '1.0.2' ],
13 silly audit   'call-bound': [ '1.0.4' ],
13 silly audit   cliui: [ '8.0.1' ],
13 silly audit   color: [ '3.2.1' ],
13 silly audit   'color-string': [ '1.9.1' ],
13 silly audit   colorspace: [ '1.1.4' ],
13 silly audit   'combined-stream': [ '1.0.8' ],
13 silly audit   commander: [ '2.20.3' ],
13 silly audit   'concat-stream': [ '2.0.0' ],
13 silly audit   'content-disposition': [ '1.0.0' ],
13 silly audit   'content-type': [ '1.0.5' ],
13 silly audit   cookie: [ '0.7.2' ],
13 silly audit   'cookie-signature': [ '1.2.2' ],
13 silly audit   cors: [ '2.8.5' ],
13 silly audit   crypto: [ '1.0.1' ],
13 silly audit   debug: [ '4.4.3' ],
13 silly audit   delay: [ '5.0.0' ],
13 silly audit   'delayed-stream': [ '1.0.0' ],
13 silly audit   depd: [ '2.0.0' ],
13 silly audit   dotenv: [ '17.2.3' ],
13 silly audit   'dunder-proto': [ '1.0.1' ],
13 silly audit   'ecdsa-sig-formatter': [ '1.0.11' ],
13 silly audit   'ee-first': [ '1.1.1' ],
13 silly audit   'emoji-regex': [ '8.0.0' ],
13 silly audit   enabled: [ '2.0.0' ],
13 silly audit   encodeurl: [ '2.0.0' ],
13 silly audit   'es-define-property': [ '1.0.1' ],
13 silly audit   'es-errors': [ '1.3.0' ],
13 silly audit   'es-object-atoms': [ '1.1.1' ],
13 silly audit   'es-set-tostringtag': [ '2.1.0' ],
13 silly audit   'es6-promise': [ '4.2.8' ],
13 silly audit   'es6-promisify': [ '5.0.0' ],
13 silly audit   escalade: [ '3.2.0' ],
13 silly audit   'escape-html': [ '1.0.3' ],
13 silly audit   etag: [ '1.8.1' ],
13 silly audit   express: [ '5.1.0' ],
13 silly audit   eyes: [ '0.1.8' ],
13 silly audit   fecha: [ '4.2.3' ],
13 silly audit   finalhandler: [ '2.1.0' ],
13 silly audit   'fn.name': [ '1.1.0' ],
13 silly audit   'follow-redirects': [ '1.15.11' ],
13 silly audit   'form-data': [ '4.0.4' ],
13 silly audit   'mime-db': [ '1.52.0', '1.54.0' ],
13 silly audit   'mime-types': [ '2.1.35', '3.0.1' ],
13 silly audit   forwarded: [ '0.2.0' ],
13 silly audit   fresh: [ '2.0.0' ],
13 silly audit   'function-bind': [ '1.1.2' ],
13 silly audit   'get-caller-file': [ '2.0.5' ],
13 silly audit   'get-intrinsic': [ '1.3.0' ],
13 silly audit   'get-proto': [ '1.0.1' ],
13 silly audit   gopd: [ '1.2.0' ],
13 silly audit   'has-symbols': [ '1.1.0' ],
13 silly audit   'has-tostringtag': [ '1.0.2' ],
13 silly audit   hasown: [ '2.0.2' ],
13 silly audit   'http-errors': [ '2.0.0' ],
13 silly audit   statuses: [ '2.0.1', '2.0.2' ],
13 silly audit   'iconv-lite': [ '0.6.3', '0.7.0' ],
13 silly audit   inherits: [ '2.0.4' ],
13 silly audit   'ipaddr.js': [ '1.9.1' ],
13 silly audit   'is-arrayish': [ '0.3.4' ],
13 silly audit   'is-fullwidth-code-point': [ '3.0.0' ],
13 silly audit   'is-promise': [ '4.0.0' ],
13 silly audit   'is-stream': [ '2.0.1' ],
13 silly audit   'isomorphic-ws': [ '4.0.1' ],
13 silly audit   jayson: [ '4.2.0' ],
13 silly audit   ws: [ '7.5.10', '8.18.3' ],
13 silly audit   'json-stringify-safe': [ '5.0.1' ],
13 silly audit   jsonwebtoken: [ '9.0.2' ],
13 silly audit   jwa: [ '1.4.2' ],
13 silly audit   jws: [ '3.2.2' ],
13 silly audit   kareem: [ '2.6.3' ],
13 silly audit   kuler: [ '2.0.0' ],
13 silly audit   'lodash.camelcase': [ '4.3.0' ],
13 silly audit   'lodash.includes': [ '4.3.0' ],
13 silly audit   'lodash.isboolean': [ '3.0.3' ],
13 silly audit   'lodash.isinteger': [ '4.0.4' ],
13 silly audit   'lodash.isnumber': [ '3.0.3' ],
13 silly audit   'lodash.isplainobject': [ '4.0.6' ],
13 silly audit   'lodash.isstring': [ '4.0.1' ],
13 silly audit   'lodash.once': [ '4.1.1' ],
13 silly audit   logform: [ '2.7.0' ],
13 silly audit   long: [ '5.3.2' ],
13 silly audit   'math-intrinsics': [ '1.1.0' ],
13 silly audit   'media-typer': [ '1.1.0', '0.3.0' ],
13 silly audit   'memory-pager': [ '1.5.0' ],
13 silly audit   'merge-descriptors': [ '2.0.0' ],
13 silly audit   minimist: [ '1.2.8' ],
13 silly audit   mkdirp: [ '0.5.6' ],
13 silly audit   mongodb: [ '6.18.0' ],
13 silly audit   'mongodb-connection-string-url': [ '3.0.2' ],
13 silly audit   mongoose: [ '8.18.1' ],
13 silly audit   mpath: [ '0.9.0' ],
13 silly audit   mquery: [ '5.0.0' ],
13 silly audit   ms: [ '2.1.3' ],
13 silly audit   multer: [ '2.0.2' ],
13 silly audit   'type-is': [ '1.6.18', '2.0.1' ],
13 silly audit   negotiator: [ '1.0.0' ],
13 silly audit   'object-assign': [ '4.1.1' ],
13 silly audit   'object-inspect': [ '1.13.4' ],
13 silly audit   'on-finished': [ '2.4.1' ],
13 silly audit   once: [ '1.4.0' ],
13 silly audit   'one-time': [ '1.0.0' ],
13 silly audit   parseurl: [ '1.3.3' ],
13 silly audit   'path-to-regexp': [ '8.3.0' ],
13 silly audit   protobufjs: [ '7.5.4' ],
13 silly audit   'proxy-addr': [ '2.0.7' ],
13 silly audit   'proxy-from-env': [ '1.1.0' ],
13 silly audit   punycode: [ '2.3.1' ],
13 silly audit   qs: [ '6.14.0' ],
13 silly audit   'range-parser': [ '1.2.1' ],
13 silly audit   'raw-body': [ '3.0.1' ],
13 silly audit   'readable-stream': [ '3.6.2' ],
13 silly audit   'require-directory': [ '2.1.1' ],
13 silly audit   router: [ '2.2.0' ],
13 silly audit   'safe-buffer': [ '5.2.1' ],
13 silly audit   'safe-stable-stringify': [ '2.5.0' ],
13 silly audit   'safer-buffer': [ '2.1.2' ],
13 silly audit   semver: [ '7.7.3' ],
13 silly audit   send: [ '1.2.0' ],
13 silly audit   'serve-static': [ '2.2.0' ],
13 silly audit   setprototypeof: [ '1.2.0' ],
13 silly audit   'side-channel': [ '1.1.0' ],
13 silly audit   'side-channel-list': [ '1.0.0' ],
13 silly audit   'side-channel-map': [ '1.0.1' ],
13 silly audit   'side-channel-weakmap': [ '1.0.2' ],
13 silly audit   sift: [ '17.1.3' ],
13 silly audit   'simple-swizzle': [ '0.2.4' ],
13 silly audit   'sparse-bitfield': [ '3.0.3' ],
13 silly audit   stack: [ '0.1.0' ],
13 silly audit   'stack-trace': [ '0.0.10' ],
13 silly audit   'stream-chain': [ '2.2.5' ],
13 silly audit   'stream-json': [ '1.9.1' ],
13 silly audit   streamsearch: [ '1.1.0' ],
13 silly audit   string_decoder: [ '1.3.0' ],
13 silly audit   'string-width': [ '4.2.3' ],
13 silly audit   'strip-ansi': [ '6.0.1' ],
13 silly audit   'text-hex': [ '1.0.0' ],
13 silly audit   toidentifier: [ '1.0.1' ],
13 silly audit   tr46: [ '5.1.1' ],
13 silly audit   'triple-beam': [ '1.4.1' ],
13 silly audit   typedarray: [ '0.0.6' ],
13 silly audit   'undici-types': [ '7.16.0' ],
13 silly audit   unpipe: [ '1.0.0' ],
13 silly audit   'util-deprecate': [ '1.0.2' ],
13 silly audit   uuid: [ '8.3.2' ],
13 silly audit   vary: [ '1.1.2' ],
13 silly audit   'webidl-conversions': [ '7.0.0' ],
13 silly audit   'whatwg-url': [ '14.2.0' ],
13 silly audit   winston: [ '3.17.0' ],
13 silly audit   'winston-transport': [ '4.9.0' ],
13 silly audit   'wrap-ansi': [ '7.0.0' ],
13 silly audit   wrappy: [ '1.0.2' ],
13 silly audit   xtend: [ '4.0.2' ],
13 silly audit   y18n: [ '5.0.8' ],
13 silly audit   yargs: [ '17.7.2' ],
13 silly audit   'yargs-parser': [ '21.1.1' ]
13 silly audit }
14 http fetch POST 200 https://registry.npmjs.org/-/npm/v1/security/advisories/bulk 2641ms
15 silly audit report {
15 silly audit report   'body-parser': [
15 silly audit report     {
15 silly audit report       id: 1110858,
15 silly audit report       url: 'https://github.com/advisories/GHSA-wqch-xfxh-vrr4',
15 silly audit report       title: 'body-parser is vulnerable to denial of service when url encoding is used',
15 silly audit report       severity: 'moderate',
15 silly audit report       vulnerable_versions: '>=2.2.0 <2.2.1',
15 silly audit report       cwe: [Array],
15 silly audit report       cvss: [Object]
15 silly audit report     }
15 silly audit report   ]
15 silly audit report }
16 silly packumentCache corgi:https://registry.npmjs.org/body-parser cache-miss
17 http cache https://registry.npmjs.org/body-parser 21ms (cache hit)
18 silly packumentCache corgi:https://registry.npmjs.org/body-parser set size:75514 disposed:false
19 silly packumentCache corgi:https://registry.npmjs.org/express cache-miss
20 http cache https://registry.npmjs.org/express 17ms (cache hit)
21 silly packumentCache corgi:https://registry.npmjs.org/express set size:331341 disposed:false
22 verbose cwd /home/zeta
23 verbose os Linux 6.12.41+deb13-amd64
24 verbose node v24.6.0
25 verbose npm  v11.5.1
26 verbose exit 1
27 verbose code 1
