0 verbose cli /usr/bin/node /usr/bin/npm
1 info using npm@11.5.1
2 info using node@v24.6.0
3 silly config load:file:/usr/lib/node_modules/npm/npmrc
4 silly config load:file:/home/zeta/.npmrc
5 silly config load:file:/root/.npmrc
6 silly config load:file:/usr/etc/npmrc
7 verbose title npm init
8 verbose argv "init" "--yes"
9 verbose logfile logs-max:10 dir:/root/.npm/_logs/2025-11-26T04_16_55_268Z-
10 verbose logfile /root/.npm/_logs/2025-11-26T04_16_55_268Z-debug-0.log
11 silly logfile done cleaning log files
12 silly package data {
12 silly package data   name: 'zeta',
12 silly package data   version: '1.0.0',
12 silly package data   description: '',
12 silly package data   main: 'Untitled-1.js',
12 silly package data   scripts: { test: 'echo "Error: no test specified" && exit 1' },
12 silly package data   keywords: [],
12 silly package data   author: '',
12 silly package data   license: 'ISC',
12 silly package data   type: 'commonjs',
12 silly package data   dependencies: {
12 silly package data     axion: '^0.1.0',
12 silly package data     axios: '^1.12.2',
12 silly package data     crypto: '^1.0.1',
12 silly package data     dotenv: '^17.2.3',
12 silly package data     express: '^5.1.0',
12 silly package data     jayson: '^4.2.0',
12 silly package data     jsonwebtoken: '^9.0.2',
12 silly package data     mongoose: '^8.18.1',
12 silly package data     multer: '^2.0.2',
12 silly package data     stack: '^0.1.0',
12 silly package data     winston: '^3.17.0',
12 silly package data     ws: '^8.18.3'
12 silly package data   },
12 silly package data   devDependencies: {},
12 silly package data   Symbol(newline): '\n',
12 silly package data   Symbol(indent): '  '
12 silly package data }
13 verbose cwd /home/zeta
14 verbose os Linux 6.12.41+deb13-amd64
15 verbose node v24.6.0
16 verbose npm  v11.5.1
17 verbose exit 0
18 info ok
